{"C:\\Users\\Bakheet\\Documents\\peojects\\deemind\\cli.js":{"path":"C:\\Users\\Bakheet\\Documents\\peojects\\deemind\\cli.js","statementMap":{"0":{"start":{"line":25,"column":18},"end":{"line":25,"column":62}},"1":{"start":{"line":28,"column":2},"end":{"line":36,"column":4}},"2":{"start":{"line":38,"column":20},"end":{"line":38,"column":35}},"3":{"start":{"line":39,"column":2},"end":{"line":42,"column":3}},"4":{"start":{"line":40,"column":4},"end":{"line":40,"column":103}},"5":{"start":{"line":41,"column":4},"end":{"line":41,"column":20}},"6":{"start":{"line":44,"column":20},"end":{"line":44,"column":60}},"7":{"start":{"line":45,"column":21},"end":{"line":45,"column":62}},"8":{"start":{"line":47,"column":2},"end":{"line":50,"column":3}},"9":{"start":{"line":48,"column":4},"end":{"line":48,"column":71}},"10":{"start":{"line":49,"column":4},"end":{"line":49,"column":20}},"11":{"start":{"line":51,"column":2},"end":{"line":51,"column":33}},"12":{"start":{"line":53,"column":16},"end":{"line":53,"column":26}},"13":{"start":{"line":54,"column":2},"end":{"line":54,"column":77}},"14":{"start":{"line":57,"column":15},"end":{"line":57,"column":36}},"15":{"start":{"line":58,"column":15},"end":{"line":58,"column":38}},"16":{"start":{"line":59,"column":24},"end":{"line":59,"column":57}},"17":{"start":{"line":60,"column":18},"end":{"line":60,"column":67}},"18":{"start":{"line":61,"column":21},"end":{"line":61,"column":62}},"19":{"start":{"line":61,"column":36},"end":{"line":61,"column":61}},"20":{"start":{"line":62,"column":17},"end":{"line":62,"column":66}},"21":{"start":{"line":63,"column":16},"end":{"line":63,"column":49}},"22":{"start":{"line":64,"column":21},"end":{"line":64,"column":50}},"23":{"start":{"line":65,"column":19},"end":{"line":65,"column":46}},"24":{"start":{"line":67,"column":2},"end":{"line":177,"column":3}},"25":{"start":{"line":68,"column":4},"end":{"line":68,"column":71}},"26":{"start":{"line":69,"column":19},"end":{"line":69,"column":51}},"27":{"start":{"line":71,"column":4},"end":{"line":71,"column":76}},"28":{"start":{"line":74,"column":1},"end":{"line":74,"column":28}},"29":{"start":{"line":76,"column":4},"end":{"line":79,"column":14}},"30":{"start":{"line":77,"column":18},"end":{"line":77,"column":85}},"31":{"start":{"line":78,"column":6},"end":{"line":78,"column":60}},"32":{"start":{"line":78,"column":40},"end":{"line":78,"column":60}},"33":{"start":{"line":80,"column":19},"end":{"line":80,"column":87}},"34":{"start":{"line":82,"column":4},"end":{"line":82,"column":70}},"35":{"start":{"line":83,"column":21},"end":{"line":83,"column":90}},"36":{"start":{"line":86,"column":4},"end":{"line":99,"column":5}},"37":{"start":{"line":87,"column":25},"end":{"line":87,"column":103}},"38":{"start":{"line":87,"column":59},"end":{"line":87,"column":101}},"39":{"start":{"line":88,"column":25},"end":{"line":88,"column":81}},"40":{"start":{"line":88,"column":59},"end":{"line":88,"column":79}},"41":{"start":{"line":89,"column":6},"end":{"line":98,"column":7}},"42":{"start":{"line":90,"column":24},"end":{"line":90,"column":49}},"43":{"start":{"line":91,"column":24},"end":{"line":91,"column":54}},"44":{"start":{"line":92,"column":23},"end":{"line":92,"column":110}},"45":{"start":{"line":93,"column":8},"end":{"line":93,"column":67}},"46":{"start":{"line":94,"column":8},"end":{"line":97,"column":11}},"47":{"start":{"line":95,"column":22},"end":{"line":95,"column":52}},"48":{"start":{"line":96,"column":10},"end":{"line":96,"column":105}},"49":{"start":{"line":101,"column":4},"end":{"line":101,"column":63}},"50":{"start":{"line":102,"column":23},"end":{"line":102,"column":54}},"51":{"start":{"line":104,"column":24},"end":{"line":104,"column":83}},"52":{"start":{"line":104,"column":60},"end":{"line":104,"column":82}},"53":{"start":{"line":105,"column":4},"end":{"line":108,"column":5}},"54":{"start":{"line":106,"column":6},"end":{"line":106,"column":108}},"55":{"start":{"line":107,"column":6},"end":{"line":107,"column":22}},"56":{"start":{"line":110,"column":4},"end":{"line":110,"column":59}},"57":{"start":{"line":111,"column":4},"end":{"line":111,"column":39}},"58":{"start":{"line":113,"column":4},"end":{"line":117,"column":5}},"59":{"start":{"line":114,"column":6},"end":{"line":114,"column":65}},"60":{"start":{"line":115,"column":18},"end":{"line":115,"column":82}},"61":{"start":{"line":116,"column":6},"end":{"line":116,"column":81}},"62":{"start":{"line":119,"column":4},"end":{"line":119,"column":65}},"63":{"start":{"line":120,"column":20},"end":{"line":120,"column":68}},"64":{"start":{"line":121,"column":26},"end":{"line":121,"column":55}},"65":{"start":{"line":122,"column":21},"end":{"line":122,"column":141}},"66":{"start":{"line":123,"column":4},"end":{"line":123,"column":88}},"67":{"start":{"line":126,"column":21},"end":{"line":126,"column":89}},"68":{"start":{"line":126,"column":59},"end":{"line":126,"column":81}},"69":{"start":{"line":127,"column":21},"end":{"line":127,"column":89}},"70":{"start":{"line":127,"column":59},"end":{"line":127,"column":81}},"71":{"start":{"line":128,"column":23},"end":{"line":145,"column":5}},"72":{"start":{"line":137,"column":69},"end":{"line":137,"column":85}},"73":{"start":{"line":146,"column":4},"end":{"line":146,"column":99}},"74":{"start":{"line":149,"column":27},"end":{"line":149,"column":68}},"75":{"start":{"line":150,"column":4},"end":{"line":150,"column":39}},"76":{"start":{"line":151,"column":25},"end":{"line":151,"column":116}},"77":{"start":{"line":151,"column":67},"end":{"line":151,"column":114}},"78":{"start":{"line":152,"column":23},"end":{"line":152,"column":79}},"79":{"start":{"line":152,"column":57},"end":{"line":152,"column":77}},"80":{"start":{"line":153,"column":23},"end":{"line":153,"column":79}},"81":{"start":{"line":153,"column":57},"end":{"line":153,"column":77}},"82":{"start":{"line":154,"column":4},"end":{"line":161,"column":5}},"83":{"start":{"line":154,"column":57},"end":{"line":154,"column":81}},"84":{"start":{"line":155,"column":23},"end":{"line":155,"column":60}},"85":{"start":{"line":156,"column":21},"end":{"line":156,"column":110}},"86":{"start":{"line":157,"column":25},"end":{"line":157,"column":57}},"87":{"start":{"line":158,"column":22},"end":{"line":158,"column":98}},"88":{"start":{"line":159,"column":25},"end":{"line":159,"column":99}},"89":{"start":{"line":160,"column":6},"end":{"line":160,"column":121}},"90":{"start":{"line":164,"column":21},"end":{"line":164,"column":38}},"91":{"start":{"line":165,"column":18},"end":{"line":165,"column":61}},"92":{"start":{"line":166,"column":4},"end":{"line":166,"column":103}},"93":{"start":{"line":169,"column":4},"end":{"line":169,"column":307}},"94":{"start":{"line":171,"column":4},"end":{"line":171,"column":80}},"95":{"start":{"line":172,"column":4},"end":{"line":172,"column":54}},"96":{"start":{"line":175,"column":4},"end":{"line":175,"column":86}},"97":{"start":{"line":176,"column":4},"end":{"line":176,"column":20}},"98":{"start":{"line":180,"column":0},"end":{"line":180,"column":6}},"99":{"start":{"line":183,"column":17},"end":{"line":183,"column":39}},"100":{"start":{"line":184,"column":19},"end":{"line":184,"column":39}},"101":{"start":{"line":185,"column":16},"end":{"line":185,"column":61}},"102":{"start":{"line":186,"column":12},"end":{"line":186,"column":36}},"103":{"start":{"line":187,"column":2},"end":{"line":192,"column":3}},"104":{"start":{"line":188,"column":4},"end":{"line":191,"column":31}},"105":{"start":{"line":189,"column":18},"end":{"line":189,"column":56}},"106":{"start":{"line":190,"column":6},"end":{"line":190,"column":20}},"107":{"start":{"line":191,"column":20},"end":{"line":191,"column":29}},"108":{"start":{"line":193,"column":2},"end":{"line":193,"column":25}}},"fnMap":{"0":{"name":"run","decl":{"start":{"line":27,"column":15},"end":{"line":27,"column":18}},"loc":{"start":{"line":27,"column":21},"end":{"line":178,"column":1}},"line":27},"1":{"name":"(anonymous_1)","decl":{"start":{"line":61,"column":31},"end":{"line":61,"column":32}},"loc":{"start":{"line":61,"column":36},"end":{"line":61,"column":61}},"line":61},"2":{"name":"(anonymous_2)","decl":{"start":{"line":87,"column":54},"end":{"line":87,"column":55}},"loc":{"start":{"line":87,"column":59},"end":{"line":87,"column":101}},"line":87},"3":{"name":"(anonymous_3)","decl":{"start":{"line":88,"column":54},"end":{"line":88,"column":55}},"loc":{"start":{"line":88,"column":59},"end":{"line":88,"column":79}},"line":88},"4":{"name":"(anonymous_4)","decl":{"start":{"line":94,"column":37},"end":{"line":94,"column":38}},"loc":{"start":{"line":94,"column":49},"end":{"line":97,"column":9}},"line":94},"5":{"name":"(anonymous_5)","decl":{"start":{"line":104,"column":55},"end":{"line":104,"column":56}},"loc":{"start":{"line":104,"column":60},"end":{"line":104,"column":82}},"line":104},"6":{"name":"(anonymous_6)","decl":{"start":{"line":126,"column":54},"end":{"line":126,"column":55}},"loc":{"start":{"line":126,"column":59},"end":{"line":126,"column":81}},"line":126},"7":{"name":"(anonymous_7)","decl":{"start":{"line":127,"column":54},"end":{"line":127,"column":55}},"loc":{"start":{"line":127,"column":59},"end":{"line":127,"column":81}},"line":127},"8":{"name":"(anonymous_8)","decl":{"start":{"line":137,"column":62},"end":{"line":137,"column":63}},"loc":{"start":{"line":137,"column":69},"end":{"line":137,"column":85}},"line":137},"9":{"name":"(anonymous_9)","decl":{"start":{"line":151,"column":62},"end":{"line":151,"column":63}},"loc":{"start":{"line":151,"column":67},"end":{"line":151,"column":114}},"line":151},"10":{"name":"(anonymous_10)","decl":{"start":{"line":152,"column":52},"end":{"line":152,"column":53}},"loc":{"start":{"line":152,"column":57},"end":{"line":152,"column":77}},"line":152},"11":{"name":"(anonymous_11)","decl":{"start":{"line":153,"column":52},"end":{"line":153,"column":53}},"loc":{"start":{"line":153,"column":57},"end":{"line":153,"column":77}},"line":153},"12":{"name":"(anonymous_12)","decl":{"start":{"line":154,"column":52},"end":{"line":154,"column":53}},"loc":{"start":{"line":154,"column":57},"end":{"line":154,"column":81}},"line":154},"13":{"name":"hashInputDir","decl":{"start":{"line":182,"column":15},"end":{"line":182,"column":27}},"loc":{"start":{"line":182,"column":33},"end":{"line":194,"column":1}},"line":182}},"branchMap":{"0":{"loc":{"start":{"line":39,"column":2},"end":{"line":42,"column":3}},"type":"if","locations":[{"start":{"line":39,"column":2},"end":{"line":42,"column":3}},{"start":{"line":39,"column":2},"end":{"line":42,"column":3}}],"line":39},"1":{"loc":{"start":{"line":47,"column":2},"end":{"line":50,"column":3}},"type":"if","locations":[{"start":{"line":47,"column":2},"end":{"line":50,"column":3}},{"start":{"line":47,"column":2},"end":{"line":50,"column":3}}],"line":47},"2":{"loc":{"start":{"line":60,"column":18},"end":{"line":60,"column":67}},"type":"binary-expr","locations":[{"start":{"line":60,"column":18},"end":{"line":60,"column":44}},{"start":{"line":60,"column":48},"end":{"line":60,"column":67}}],"line":60},"3":{"loc":{"start":{"line":62,"column":17},"end":{"line":62,"column":66}},"type":"cond-expr","locations":[{"start":{"line":62,"column":30},"end":{"line":62,"column":54}},{"start":{"line":62,"column":57},"end":{"line":62,"column":66}}],"line":62},"4":{"loc":{"start":{"line":78,"column":6},"end":{"line":78,"column":60}},"type":"if","locations":[{"start":{"line":78,"column":6},"end":{"line":78,"column":60}},{"start":{"line":78,"column":6},"end":{"line":78,"column":60}}],"line":78},"5":{"loc":{"start":{"line":78,"column":10},"end":{"line":78,"column":38}},"type":"binary-expr","locations":[{"start":{"line":78,"column":10},"end":{"line":78,"column":13}},{"start":{"line":78,"column":17},"end":{"line":78,"column":38}}],"line":78},"6":{"loc":{"start":{"line":86,"column":4},"end":{"line":99,"column":5}},"type":"if","locations":[{"start":{"line":86,"column":4},"end":{"line":99,"column":5}},{"start":{"line":86,"column":4},"end":{"line":99,"column":5}}],"line":86},"7":{"loc":{"start":{"line":89,"column":23},"end":{"line":89,"column":45}},"type":"binary-expr","locations":[{"start":{"line":89,"column":23},"end":{"line":89,"column":39}},{"start":{"line":89,"column":43},"end":{"line":89,"column":45}}],"line":89},"8":{"loc":{"start":{"line":92,"column":23},"end":{"line":92,"column":110}},"type":"cond-expr","locations":[{"start":{"line":92,"column":49},"end":{"line":92,"column":58}},{"start":{"line":92,"column":62},"end":{"line":92,"column":109}}],"line":92},"9":{"loc":{"start":{"line":92,"column":62},"end":{"line":92,"column":109}},"type":"cond-expr","locations":[{"start":{"line":92,"column":88},"end":{"line":92,"column":97}},{"start":{"line":92,"column":100},"end":{"line":92,"column":109}}],"line":92},"10":{"loc":{"start":{"line":94,"column":9},"end":{"line":94,"column":27}},"type":"binary-expr","locations":[{"start":{"line":94,"column":9},"end":{"line":94,"column":21}},{"start":{"line":94,"column":25},"end":{"line":94,"column":27}}],"line":94},"11":{"loc":{"start":{"line":95,"column":22},"end":{"line":95,"column":52}},"type":"binary-expr","locations":[{"start":{"line":95,"column":22},"end":{"line":95,"column":33}},{"start":{"line":95,"column":37},"end":{"line":95,"column":46}},{"start":{"line":95,"column":50},"end":{"line":95,"column":52}}],"line":95},"12":{"loc":{"start":{"line":96,"column":52},"end":{"line":96,"column":75}},"type":"binary-expr","locations":[{"start":{"line":96,"column":52},"end":{"line":96,"column":62}},{"start":{"line":96,"column":66},"end":{"line":96,"column":75}}],"line":96},"13":{"loc":{"start":{"line":96,"column":79},"end":{"line":96,"column":100}},"type":"cond-expr","locations":[{"start":{"line":96,"column":85},"end":{"line":96,"column":95}},{"start":{"line":96,"column":98},"end":{"line":96,"column":100}}],"line":96},"14":{"loc":{"start":{"line":104,"column":25},"end":{"line":104,"column":48}},"type":"binary-expr","locations":[{"start":{"line":104,"column":25},"end":{"line":104,"column":42}},{"start":{"line":104,"column":46},"end":{"line":104,"column":48}}],"line":104},"15":{"loc":{"start":{"line":105,"column":4},"end":{"line":108,"column":5}},"type":"if","locations":[{"start":{"line":105,"column":4},"end":{"line":108,"column":5}},{"start":{"line":105,"column":4},"end":{"line":108,"column":5}}],"line":105},"16":{"loc":{"start":{"line":105,"column":8},"end":{"line":105,"column":48}},"type":"binary-expr","locations":[{"start":{"line":105,"column":8},"end":{"line":105,"column":19}},{"start":{"line":105,"column":23},"end":{"line":105,"column":48}}],"line":105},"17":{"loc":{"start":{"line":113,"column":4},"end":{"line":117,"column":5}},"type":"if","locations":[{"start":{"line":113,"column":4},"end":{"line":117,"column":5}},{"start":{"line":113,"column":4},"end":{"line":117,"column":5}}],"line":113},"18":{"loc":{"start":{"line":126,"column":22},"end":{"line":126,"column":45}},"type":"binary-expr","locations":[{"start":{"line":126,"column":22},"end":{"line":126,"column":39}},{"start":{"line":126,"column":43},"end":{"line":126,"column":45}}],"line":126},"19":{"loc":{"start":{"line":127,"column":22},"end":{"line":127,"column":45}},"type":"binary-expr","locations":[{"start":{"line":127,"column":22},"end":{"line":127,"column":39}},{"start":{"line":127,"column":43},"end":{"line":127,"column":45}}],"line":127},"20":{"loc":{"start":{"line":137,"column":35},"end":{"line":137,"column":53}},"type":"binary-expr","locations":[{"start":{"line":137,"column":35},"end":{"line":137,"column":47}},{"start":{"line":137,"column":51},"end":{"line":137,"column":53}}],"line":137},"21":{"loc":{"start":{"line":137,"column":72},"end":{"line":137,"column":84}},"type":"binary-expr","locations":[{"start":{"line":137,"column":72},"end":{"line":137,"column":81}},{"start":{"line":137,"column":83},"end":{"line":137,"column":84}}],"line":137},"22":{"loc":{"start":{"line":151,"column":34},"end":{"line":151,"column":56}},"type":"binary-expr","locations":[{"start":{"line":151,"column":34},"end":{"line":151,"column":50}},{"start":{"line":151,"column":54},"end":{"line":151,"column":56}}],"line":151},"23":{"loc":{"start":{"line":151,"column":95},"end":{"line":151,"column":113}},"type":"binary-expr","locations":[{"start":{"line":151,"column":95},"end":{"line":151,"column":107}},{"start":{"line":151,"column":111},"end":{"line":151,"column":113}}],"line":151},"24":{"loc":{"start":{"line":154,"column":28},"end":{"line":154,"column":46}},"type":"binary-expr","locations":[{"start":{"line":154,"column":28},"end":{"line":154,"column":40}},{"start":{"line":154,"column":44},"end":{"line":154,"column":46}}],"line":154},"25":{"loc":{"start":{"line":156,"column":21},"end":{"line":156,"column":110}},"type":"cond-expr","locations":[{"start":{"line":156,"column":48},"end":{"line":156,"column":57}},{"start":{"line":156,"column":61},"end":{"line":156,"column":109}}],"line":156},"26":{"loc":{"start":{"line":156,"column":61},"end":{"line":156,"column":109}},"type":"cond-expr","locations":[{"start":{"line":156,"column":88},"end":{"line":156,"column":97}},{"start":{"line":156,"column":100},"end":{"line":156,"column":109}}],"line":156},"27":{"loc":{"start":{"line":157,"column":25},"end":{"line":157,"column":57}},"type":"binary-expr","locations":[{"start":{"line":157,"column":25},"end":{"line":157,"column":51}},{"start":{"line":157,"column":55},"end":{"line":157,"column":57}}],"line":157},"28":{"loc":{"start":{"line":158,"column":22},"end":{"line":158,"column":98}},"type":"cond-expr","locations":[{"start":{"line":158,"column":65},"end":{"line":158,"column":94}},{"start":{"line":158,"column":97},"end":{"line":158,"column":98}}],"line":158},"29":{"loc":{"start":{"line":158,"column":23},"end":{"line":158,"column":61}},"type":"binary-expr","locations":[{"start":{"line":158,"column":23},"end":{"line":158,"column":35}},{"start":{"line":158,"column":39},"end":{"line":158,"column":61}}],"line":158},"30":{"loc":{"start":{"line":175,"column":66},"end":{"line":175,"column":84}},"type":"binary-expr","locations":[{"start":{"line":175,"column":66},"end":{"line":175,"column":77}},{"start":{"line":175,"column":81},"end":{"line":175,"column":84}}],"line":175}},"s":{"0":0,"1":0,"2":0,"3":0,"4":0,"5":0,"6":0,"7":0,"8":0,"9":0,"10":0,"11":0,"12":0,"13":0,"14":0,"15":0,"16":0,"17":0,"18":0,"19":0,"20":0,"21":0,"22":0,"23":0,"24":0,"25":0,"26":0,"27":0,"28":0,"29":0,"30":0,"31":0,"32":0,"33":0,"34":0,"35":0,"36":0,"37":0,"38":0,"39":0,"40":0,"41":0,"42":0,"43":0,"44":0,"45":0,"46":0,"47":0,"48":0,"49":0,"50":0,"51":0,"52":0,"53":0,"54":0,"55":0,"56":0,"57":0,"58":0,"59":0,"60":0,"61":0,"62":0,"63":0,"64":0,"65":0,"66":0,"67":0,"68":0,"69":0,"70":0,"71":0,"72":0,"73":0,"74":0,"75":0,"76":0,"77":0,"78":0,"79":0,"80":0,"81":0,"82":0,"83":0,"84":0,"85":0,"86":0,"87":0,"88":0,"89":0,"90":0,"91":0,"92":0,"93":0,"94":0,"95":0,"96":0,"97":0,"98":0,"99":0,"100":0,"101":0,"102":0,"103":0,"104":0,"105":0,"106":0,"107":0,"108":0},"f":{"0":0,"1":0,"2":0,"3":0,"4":0,"5":0,"6":0,"7":0,"8":0,"9":0,"10":0,"11":0,"12":0,"13":0},"b":{"0":[0,0],"1":[0,0],"2":[0,0],"3":[0,0],"4":[0,0],"5":[0,0],"6":[0,0],"7":[0,0],"8":[0,0],"9":[0,0],"10":[0,0],"11":[0,0,0],"12":[0,0],"13":[0,0],"14":[0,0],"15":[0,0],"16":[0,0],"17":[0,0],"18":[0,0],"19":[0,0],"20":[0,0],"21":[0,0],"22":[0,0],"23":[0,0],"24":[0,0],"25":[0,0],"26":[0,0],"27":[0,0],"28":[0,0],"29":[0,0],"30":[0,0]},"all":true},"C:\\Users\\Bakheet\\Documents\\peojects\\deemind\\tools\\adapter.js":{"path":"C:\\Users\\Bakheet\\Documents\\peojects\\deemind\\tools\\adapter.js","statementMap":{"0":{"start":{"line":5,"column":12},"end":{"line":5,"column":41}},"1":{"start":{"line":6,"column":12},"end":{"line":6,"column":32}},"2":{"start":{"line":7,"column":2},"end":{"line":7,"column":82}},"3":{"start":{"line":7,"column":24},"end":{"line":7,"column":82}},"4":{"start":{"line":11,"column":20},"end":{"line":11,"column":51}},"5":{"start":{"line":12,"column":19},"end":{"line":12,"column":49}},"6":{"start":{"line":13,"column":22},"end":{"line":13,"column":55}},"7":{"start":{"line":14,"column":20},"end":{"line":14,"column":51}},"8":{"start":{"line":15,"column":2},"end":{"line":20,"column":5}},"9":{"start":{"line":25,"column":24},"end":{"line":25,"column":249}},"10":{"start":{"line":26,"column":28},"end":{"line":26,"column":64}},"11":{"start":{"line":27,"column":2},"end":{"line":27,"column":46}},"12":{"start":{"line":28,"column":2},"end":{"line":28,"column":63}},"13":{"start":{"line":31,"column":27},"end":{"line":31,"column":36}},"14":{"start":{"line":32,"column":26},"end":{"line":32,"column":35}},"15":{"start":{"line":33,"column":2},"end":{"line":42,"column":3}},"16":{"start":{"line":34,"column":19},"end":{"line":34,"column":28}},"17":{"start":{"line":35,"column":4},"end":{"line":40,"column":5}},"18":{"start":{"line":36,"column":6},"end":{"line":39,"column":7}},"19":{"start":{"line":37,"column":8},"end":{"line":37,"column":68}},"20":{"start":{"line":38,"column":8},"end":{"line":38,"column":98}},"21":{"start":{"line":38,"column":57},"end":{"line":38,"column":98}},"22":{"start":{"line":41,"column":4},"end":{"line":41,"column":83}},"23":{"start":{"line":41,"column":45},"end":{"line":41,"column":83}},"24":{"start":{"line":41,"column":57},"end":{"line":41,"column":83}},"25":{"start":{"line":45,"column":17},"end":{"line":45,"column":86}},"26":{"start":{"line":46,"column":4},"end":{"line":46,"column":59}},"27":{"start":{"line":50,"column":18},"end":{"line":50,"column":20}},"28":{"start":{"line":51,"column":18},"end":{"line":51,"column":20}},"29":{"start":{"line":52,"column":2},"end":{"line":75,"column":3}},"30":{"start":{"line":53,"column":4},"end":{"line":56,"column":5}},"31":{"start":{"line":54,"column":6},"end":{"line":54,"column":26}},"32":{"start":{"line":55,"column":6},"end":{"line":55,"column":15}},"33":{"start":{"line":57,"column":20},"end":{"line":57,"column":74}},"34":{"start":{"line":58,"column":20},"end":{"line":58,"column":48}},"35":{"start":{"line":59,"column":4},"end":{"line":59,"column":38}},"36":{"start":{"line":60,"column":4},"end":{"line":60,"column":46}},"37":{"start":{"line":62,"column":19},"end":{"line":62,"column":116}},"38":{"start":{"line":64,"column":4},"end":{"line":71,"column":5}},"39":{"start":{"line":65,"column":6},"end":{"line":70,"column":7}},"40":{"start":{"line":66,"column":21},"end":{"line":66,"column":45}},"41":{"start":{"line":67,"column":8},"end":{"line":69,"column":9}},"42":{"start":{"line":68,"column":10},"end":{"line":68,"column":98}},"43":{"start":{"line":72,"column":20},"end":{"line":72,"column":109}},"44":{"start":{"line":73,"column":4},"end":{"line":73,"column":49}},"45":{"start":{"line":74,"column":4},"end":{"line":74,"column":26}},"46":{"start":{"line":78,"column":20},"end":{"line":78,"column":57}},"47":{"start":{"line":79,"column":2},"end":{"line":101,"column":3}},"48":{"start":{"line":80,"column":14},"end":{"line":80,"column":15}},"49":{"start":{"line":81,"column":4},"end":{"line":84,"column":31}},"50":{"start":{"line":82,"column":16},"end":{"line":82,"column":75}},"51":{"start":{"line":83,"column":6},"end":{"line":83,"column":37}},"52":{"start":{"line":84,"column":20},"end":{"line":84,"column":29}},"53":{"start":{"line":85,"column":4},"end":{"line":100,"column":7}},"54":{"start":{"line":88,"column":8},"end":{"line":98,"column":9}},"55":{"start":{"line":89,"column":22},"end":{"line":89,"column":41}},"56":{"start":{"line":90,"column":10},"end":{"line":90,"column":49}},"57":{"start":{"line":90,"column":36},"end":{"line":90,"column":49}},"58":{"start":{"line":91,"column":10},"end":{"line":93,"column":11}},"59":{"start":{"line":92,"column":12},"end":{"line":92,"column":52}},"60":{"start":{"line":92,"column":39},"end":{"line":92,"column":52}},"61":{"start":{"line":94,"column":10},"end":{"line":94,"column":41}},"62":{"start":{"line":95,"column":10},"end":{"line":95,"column":22}},"63":{"start":{"line":97,"column":10},"end":{"line":97,"column":23}},"64":{"start":{"line":104,"column":2},"end":{"line":115,"column":3}},"65":{"start":{"line":105,"column":21},"end":{"line":105,"column":47}},"66":{"start":{"line":106,"column":4},"end":{"line":106,"column":33}},"67":{"start":{"line":107,"column":4},"end":{"line":114,"column":5}},"68":{"start":{"line":108,"column":16},"end":{"line":108,"column":17}},"69":{"start":{"line":109,"column":6},"end":{"line":113,"column":7}},"70":{"start":{"line":110,"column":21},"end":{"line":110,"column":84}},"71":{"start":{"line":111,"column":8},"end":{"line":111,"column":39}},"72":{"start":{"line":112,"column":8},"end":{"line":112,"column":66}},"73":{"start":{"line":118,"column":16},"end":{"line":121,"column":3}},"74":{"start":{"line":122,"column":2},"end":{"line":126,"column":3}},"75":{"start":{"line":123,"column":20},"end":{"line":123,"column":74}},"76":{"start":{"line":124,"column":4},"end":{"line":124,"column":41}},"77":{"start":{"line":125,"column":4},"end":{"line":125,"column":95}},"78":{"start":{"line":127,"column":19},"end":{"line":127,"column":61}},"79":{"start":{"line":128,"column":2},"end":{"line":128,"column":31}},"80":{"start":{"line":129,"column":2},"end":{"line":129,"column":78}},"81":{"start":{"line":132,"column":2},"end":{"line":141,"column":3}},"82":{"start":{"line":133,"column":4},"end":{"line":140,"column":5}},"83":{"start":{"line":134,"column":19},"end":{"line":134,"column":49}},"84":{"start":{"line":135,"column":19},"end":{"line":135,"column":38}},"85":{"start":{"line":136,"column":19},"end":{"line":136,"column":47}},"86":{"start":{"line":137,"column":6},"end":{"line":137,"column":37}},"87":{"start":{"line":138,"column":6},"end":{"line":138,"column":45}},"88":{"start":{"line":139,"column":6},"end":{"line":139,"column":45}},"89":{"start":{"line":143,"column":2},"end":{"line":143,"column":30}},"90":{"start":{"line":147,"column":20},"end":{"line":147,"column":22}},"91":{"start":{"line":148,"column":17},"end":{"line":148,"column":48}},"92":{"start":{"line":150,"column":2},"end":{"line":154,"column":3}},"93":{"start":{"line":151,"column":16},"end":{"line":151,"column":20}},"94":{"start":{"line":152,"column":4},"end":{"line":152,"column":97}},"95":{"start":{"line":152,"column":88},"end":{"line":152,"column":97}},"96":{"start":{"line":153,"column":4},"end":{"line":153,"column":40}},"97":{"start":{"line":155,"column":12},"end":{"line":155,"column":16}},"98":{"start":{"line":156,"column":2},"end":{"line":170,"column":3}},"99":{"start":{"line":157,"column":19},"end":{"line":157,"column":63}},"100":{"start":{"line":158,"column":22},"end":{"line":158,"column":76}},"101":{"start":{"line":159,"column":17},"end":{"line":159,"column":48}},"102":{"start":{"line":160,"column":4},"end":{"line":169,"column":31}},"103":{"start":{"line":161,"column":19},"end":{"line":161,"column":40}},"104":{"start":{"line":162,"column":6},"end":{"line":168,"column":7}},"105":{"start":{"line":163,"column":8},"end":{"line":163,"column":47}},"106":{"start":{"line":164,"column":8},"end":{"line":164,"column":39}},"107":{"start":{"line":165,"column":8},"end":{"line":165,"column":57}},"108":{"start":{"line":166,"column":19},"end":{"line":166,"column":82}},"109":{"start":{"line":167,"column":8},"end":{"line":167,"column":86}},"110":{"start":{"line":169,"column":20},"end":{"line":169,"column":29}},"111":{"start":{"line":171,"column":2},"end":{"line":171,"column":13}},"112":{"start":{"line":175,"column":2},"end":{"line":175,"column":50}}},"fnMap":{"0":{"name":"ensureInside","decl":{"start":{"line":4,"column":9},"end":{"line":4,"column":21}},"loc":{"start":{"line":4,"column":36},"end":{"line":8,"column":1}},"line":4},"1":{"name":"adaptToSalla","decl":{"start":{"line":10,"column":22},"end":{"line":10,"column":34}},"loc":{"start":{"line":10,"column":107},"end":{"line":144,"column":1}},"line":10},"2":{"name":"partialNameFor","decl":{"start":{"line":44,"column":11},"end":{"line":44,"column":25}},"loc":{"start":{"line":44,"column":37},"end":{"line":47,"column":3}},"line":44},"3":{"name":"(anonymous_3)","decl":{"start":{"line":87,"column":14},"end":{"line":87,"column":15}},"loc":{"start":{"line":87,"column":35},"end":{"line":99,"column":7}},"line":87},"4":{"name":"normalizeAssetsInHtml","decl":{"start":{"line":146,"column":15},"end":{"line":146,"column":36}},"loc":{"start":{"line":146,"column":89},"end":{"line":172,"column":1}},"line":146},"5":{"name":"escapeRegExp","decl":{"start":{"line":174,"column":9},"end":{"line":174,"column":21}},"loc":{"start":{"line":174,"column":25},"end":{"line":176,"column":1}},"line":174}},"branchMap":{"0":{"loc":{"start":{"line":7,"column":2},"end":{"line":7,"column":82}},"type":"if","locations":[{"start":{"line":7,"column":2},"end":{"line":7,"column":82}},{"start":{"line":7,"column":2},"end":{"line":7,"column":82}}],"line":7},"1":{"loc":{"start":{"line":10,"column":55},"end":{"line":10,"column":105}},"type":"default-arg","locations":[{"start":{"line":10,"column":103},"end":{"line":10,"column":105}}],"line":10},"2":{"loc":{"start":{"line":10,"column":57},"end":{"line":10,"column":78}},"type":"default-arg","locations":[{"start":{"line":10,"column":73},"end":{"line":10,"column":78}}],"line":10},"3":{"loc":{"start":{"line":10,"column":80},"end":{"line":10,"column":98}},"type":"default-arg","locations":[{"start":{"line":10,"column":93},"end":{"line":10,"column":98}}],"line":10},"4":{"loc":{"start":{"line":33,"column":2},"end":{"line":42,"column":3}},"type":"if","locations":[{"start":{"line":33,"column":2},"end":{"line":42,"column":3}},{"start":{"line":33,"column":2},"end":{"line":42,"column":3}}],"line":33},"5":{"loc":{"start":{"line":33,"column":6},"end":{"line":33,"column":51}},"type":"binary-expr","locations":[{"start":{"line":33,"column":6},"end":{"line":33,"column":16}},{"start":{"line":33,"column":20},"end":{"line":33,"column":51}}],"line":33},"6":{"loc":{"start":{"line":36,"column":23},"end":{"line":36,"column":42}},"type":"binary-expr","locations":[{"start":{"line":36,"column":23},"end":{"line":36,"column":36}},{"start":{"line":36,"column":40},"end":{"line":36,"column":42}}],"line":36},"7":{"loc":{"start":{"line":37,"column":33},"end":{"line":37,"column":61}},"type":"binary-expr","locations":[{"start":{"line":37,"column":33},"end":{"line":37,"column":56}},{"start":{"line":37,"column":60},"end":{"line":37,"column":61}}],"line":37},"8":{"loc":{"start":{"line":38,"column":8},"end":{"line":38,"column":98}},"type":"if","locations":[{"start":{"line":38,"column":8},"end":{"line":38,"column":98}},{"start":{"line":38,"column":8},"end":{"line":38,"column":98}}],"line":38},"9":{"loc":{"start":{"line":38,"column":12},"end":{"line":38,"column":55}},"type":"binary-expr","locations":[{"start":{"line":38,"column":12},"end":{"line":38,"column":45}},{"start":{"line":38,"column":49},"end":{"line":38,"column":55}}],"line":38},"10":{"loc":{"start":{"line":41,"column":45},"end":{"line":41,"column":83}},"type":"if","locations":[{"start":{"line":41,"column":45},"end":{"line":41,"column":83}},{"start":{"line":41,"column":45},"end":{"line":41,"column":83}}],"line":41},"11":{"loc":{"start":{"line":45,"column":17},"end":{"line":45,"column":86}},"type":"cond-expr","locations":[{"start":{"line":45,"column":49},"end":{"line":45,"column":58}},{"start":{"line":45,"column":61},"end":{"line":45,"column":86}}],"line":45},"12":{"loc":{"start":{"line":45,"column":17},"end":{"line":45,"column":46}},"type":"binary-expr","locations":[{"start":{"line":45,"column":17},"end":{"line":45,"column":26}},{"start":{"line":45,"column":30},"end":{"line":45,"column":46}}],"line":45},"13":{"loc":{"start":{"line":53,"column":4},"end":{"line":56,"column":5}},"type":"if","locations":[{"start":{"line":53,"column":4},"end":{"line":56,"column":5}},{"start":{"line":53,"column":4},"end":{"line":56,"column":5}}],"line":53},"14":{"loc":{"start":{"line":53,"column":8},"end":{"line":53,"column":72}},"type":"binary-expr","locations":[{"start":{"line":53,"column":8},"end":{"line":53,"column":21}},{"start":{"line":53,"column":25},"end":{"line":53,"column":41}},{"start":{"line":53,"column":45},"end":{"line":53,"column":72}}],"line":53},"15":{"loc":{"start":{"line":64,"column":4},"end":{"line":71,"column":5}},"type":"if","locations":[{"start":{"line":64,"column":4},"end":{"line":71,"column":5}},{"start":{"line":64,"column":4},"end":{"line":71,"column":5}}],"line":64},"16":{"loc":{"start":{"line":64,"column":8},"end":{"line":64,"column":43}},"type":"binary-expr","locations":[{"start":{"line":64,"column":8},"end":{"line":64,"column":18}},{"start":{"line":64,"column":22},"end":{"line":64,"column":43}}],"line":64},"17":{"loc":{"start":{"line":67,"column":8},"end":{"line":69,"column":9}},"type":"if","locations":[{"start":{"line":67,"column":8},"end":{"line":69,"column":9}},{"start":{"line":67,"column":8},"end":{"line":69,"column":9}}],"line":67},"18":{"loc":{"start":{"line":67,"column":12},"end":{"line":67,"column":43}},"type":"binary-expr","locations":[{"start":{"line":67,"column":12},"end":{"line":67,"column":16}},{"start":{"line":67,"column":20},"end":{"line":67,"column":43}}],"line":67},"19":{"loc":{"start":{"line":79,"column":2},"end":{"line":101,"column":3}},"type":"if","locations":[{"start":{"line":79,"column":2},"end":{"line":101,"column":3}},{"start":{"line":79,"column":2},"end":{"line":101,"column":3}}],"line":79},"20":{"loc":{"start":{"line":83,"column":12},"end":{"line":83,"column":36}},"type":"binary-expr","locations":[{"start":{"line":83,"column":12},"end":{"line":83,"column":31}},{"start":{"line":83,"column":35},"end":{"line":83,"column":36}}],"line":83},"21":{"loc":{"start":{"line":90,"column":10},"end":{"line":90,"column":49}},"type":"if","locations":[{"start":{"line":90,"column":10},"end":{"line":90,"column":49}},{"start":{"line":90,"column":10},"end":{"line":90,"column":49}}],"line":90},"22":{"loc":{"start":{"line":91,"column":10},"end":{"line":93,"column":11}},"type":"if","locations":[{"start":{"line":91,"column":10},"end":{"line":93,"column":11}},{"start":{"line":91,"column":10},"end":{"line":93,"column":11}}],"line":91},"23":{"loc":{"start":{"line":92,"column":12},"end":{"line":92,"column":52}},"type":"if","locations":[{"start":{"line":92,"column":12},"end":{"line":92,"column":52}},{"start":{"line":92,"column":12},"end":{"line":92,"column":52}}],"line":92},"24":{"loc":{"start":{"line":92,"column":16},"end":{"line":92,"column":37}},"type":"binary-expr","locations":[{"start":{"line":92,"column":16},"end":{"line":92,"column":19}},{"start":{"line":92,"column":23},"end":{"line":92,"column":37}}],"line":92},"25":{"loc":{"start":{"line":104,"column":2},"end":{"line":115,"column":3}},"type":"if","locations":[{"start":{"line":104,"column":2},"end":{"line":115,"column":3}},{"start":{"line":104,"column":2},"end":{"line":115,"column":3}}],"line":104},"26":{"loc":{"start":{"line":132,"column":2},"end":{"line":141,"column":3}},"type":"if","locations":[{"start":{"line":132,"column":2},"end":{"line":141,"column":3}},{"start":{"line":132,"column":2},"end":{"line":141,"column":3}}],"line":132},"27":{"loc":{"start":{"line":132,"column":6},"end":{"line":132,"column":41}},"type":"binary-expr","locations":[{"start":{"line":132,"column":6},"end":{"line":132,"column":16}},{"start":{"line":132,"column":20},"end":{"line":132,"column":41}}],"line":132},"28":{"loc":{"start":{"line":134,"column":19},"end":{"line":134,"column":49}},"type":"binary-expr","locations":[{"start":{"line":134,"column":19},"end":{"line":134,"column":43}},{"start":{"line":134,"column":47},"end":{"line":134,"column":49}}],"line":134},"29":{"loc":{"start":{"line":152,"column":4},"end":{"line":152,"column":97}},"type":"if","locations":[{"start":{"line":152,"column":4},"end":{"line":152,"column":97}},{"start":{"line":152,"column":4},"end":{"line":152,"column":97}}],"line":152},"30":{"loc":{"start":{"line":152,"column":8},"end":{"line":152,"column":86}},"type":"binary-expr","locations":[{"start":{"line":152,"column":8},"end":{"line":152,"column":33}},{"start":{"line":152,"column":37},"end":{"line":152,"column":57}},{"start":{"line":152,"column":61},"end":{"line":152,"column":86}}],"line":152},"31":{"loc":{"start":{"line":162,"column":6},"end":{"line":168,"column":7}},"type":"if","locations":[{"start":{"line":162,"column":6},"end":{"line":168,"column":7}},{"start":{"line":162,"column":6},"end":{"line":168,"column":7}}],"line":162}},"s":{"0":0,"1":0,"2":0,"3":0,"4":0,"5":0,"6":0,"7":0,"8":0,"9":0,"10":0,"11":0,"12":0,"13":0,"14":0,"15":0,"16":0,"17":0,"18":0,"19":0,"20":0,"21":0,"22":0,"23":0,"24":0,"25":0,"26":0,"27":0,"28":0,"29":0,"30":0,"31":0,"32":0,"33":0,"34":0,"35":0,"36":0,"37":0,"38":0,"39":0,"40":0,"41":0,"42":0,"43":0,"44":0,"45":0,"46":0,"47":0,"48":0,"49":0,"50":0,"51":0,"52":0,"53":0,"54":0,"55":0,"56":0,"57":0,"58":0,"59":0,"60":0,"61":0,"62":0,"63":0,"64":0,"65":0,"66":0,"67":0,"68":0,"69":0,"70":0,"71":0,"72":0,"73":0,"74":0,"75":0,"76":0,"77":0,"78":0,"79":0,"80":0,"81":0,"82":0,"83":0,"84":0,"85":0,"86":0,"87":0,"88":0,"89":0,"90":0,"91":0,"92":0,"93":0,"94":0,"95":0,"96":0,"97":0,"98":0,"99":0,"100":0,"101":0,"102":0,"103":0,"104":0,"105":0,"106":0,"107":0,"108":0,"109":0,"110":0,"111":0,"112":0},"f":{"0":0,"1":0,"2":0,"3":0,"4":0,"5":0},"b":{"0":[0,0],"1":[0],"2":[0],"3":[0],"4":[0,0],"5":[0,0],"6":[0,0],"7":[0,0],"8":[0,0],"9":[0,0],"10":[0,0],"11":[0,0],"12":[0,0],"13":[0,0],"14":[0,0,0],"15":[0,0],"16":[0,0],"17":[0,0],"18":[0,0],"19":[0,0],"20":[0,0],"21":[0,0],"22":[0,0],"23":[0,0],"24":[0,0],"25":[0,0],"26":[0,0],"27":[0,0],"28":[0,0],"29":[0,0],"30":[0,0,0],"31":[0,0]},"all":true},"C:\\Users\\Bakheet\\Documents\\peojects\\deemind\\tools\\baseline-compare.js":{"path":"C:\\Users\\Bakheet\\Documents\\peojects\\deemind\\tools\\baseline-compare.js","statementMap":{"0":{"start":{"line":6,"column":14},"end":{"line":6,"column":23}},"1":{"start":{"line":7,"column":18},"end":{"line":7,"column":62}},"2":{"start":{"line":8,"column":2},"end":{"line":12,"column":3}},"3":{"start":{"line":9,"column":4},"end":{"line":11,"column":5}},"4":{"start":{"line":10,"column":6},"end":{"line":10,"column":45}},"5":{"start":{"line":13,"column":14},"end":{"line":13,"column":65}},"6":{"start":{"line":14,"column":2},"end":{"line":19,"column":3}},"7":{"start":{"line":15,"column":4},"end":{"line":18,"column":31}},"8":{"start":{"line":16,"column":18},"end":{"line":16,"column":64}},"9":{"start":{"line":17,"column":6},"end":{"line":17,"column":52}},"10":{"start":{"line":17,"column":27},"end":{"line":17,"column":52}},"11":{"start":{"line":18,"column":20},"end":{"line":18,"column":29}},"12":{"start":{"line":20,"column":2},"end":{"line":20,"column":13}},"13":{"start":{"line":24,"column":19},"end":{"line":24,"column":48}},"14":{"start":{"line":25,"column":19},"end":{"line":26,"column":37}},"15":{"start":{"line":26,"column":14},"end":{"line":26,"column":36}},"16":{"start":{"line":27,"column":16},"end":{"line":27,"column":25}},"17":{"start":{"line":28,"column":2},"end":{"line":37,"column":3}},"18":{"start":{"line":29,"column":20},"end":{"line":29,"column":49}},"19":{"start":{"line":30,"column":4},"end":{"line":36,"column":5}},"20":{"start":{"line":31,"column":18},"end":{"line":31,"column":36}},"21":{"start":{"line":32,"column":6},"end":{"line":32,"column":126}},"22":{"start":{"line":32,"column":27},"end":{"line":32,"column":126}},"23":{"start":{"line":33,"column":16},"end":{"line":33,"column":30}},"24":{"start":{"line":34,"column":6},"end":{"line":34,"column":16}},"25":{"start":{"line":35,"column":6},"end":{"line":35,"column":69}},"26":{"start":{"line":38,"column":14},"end":{"line":38,"column":16}},"27":{"start":{"line":39,"column":2},"end":{"line":39,"column":126}},"28":{"start":{"line":39,"column":40},"end":{"line":39,"column":126}},"29":{"start":{"line":40,"column":2},"end":{"line":40,"column":13}},"30":{"start":{"line":43,"column":27},"end":{"line":43,"column":69}}},"fnMap":{"0":{"name":"loadBaselineSet","decl":{"start":{"line":5,"column":16},"end":{"line":5,"column":31}},"loc":{"start":{"line":5,"column":34},"end":{"line":21,"column":1}},"line":5},"1":{"name":"computeComponentUsage","decl":{"start":{"line":23,"column":16},"end":{"line":23,"column":37}},"loc":{"start":{"line":23,"column":62},"end":{"line":41,"column":1}},"line":23},"2":{"name":"(anonymous_2)","decl":{"start":{"line":26,"column":9},"end":{"line":26,"column":10}},"loc":{"start":{"line":26,"column":14},"end":{"line":26,"column":36}},"line":26},"3":{"name":"normalizeKey","decl":{"start":{"line":43,"column":9},"end":{"line":43,"column":21}},"loc":{"start":{"line":43,"column":25},"end":{"line":43,"column":71}},"line":43}},"branchMap":{"0":{"loc":{"start":{"line":8,"column":2},"end":{"line":12,"column":3}},"type":"if","locations":[{"start":{"line":8,"column":2},"end":{"line":12,"column":3}},{"start":{"line":8,"column":2},"end":{"line":12,"column":3}}],"line":8},"1":{"loc":{"start":{"line":14,"column":2},"end":{"line":19,"column":3}},"type":"if","locations":[{"start":{"line":14,"column":2},"end":{"line":19,"column":3}},{"start":{"line":14,"column":2},"end":{"line":19,"column":3}}],"line":14},"2":{"loc":{"start":{"line":16,"column":18},"end":{"line":16,"column":64}},"type":"binary-expr","locations":[{"start":{"line":16,"column":18},"end":{"line":16,"column":58}},{"start":{"line":16,"column":62},"end":{"line":16,"column":64}}],"line":16},"3":{"loc":{"start":{"line":32,"column":6},"end":{"line":32,"column":126}},"type":"if","locations":[{"start":{"line":32,"column":6},"end":{"line":32,"column":126}},{"start":{"line":32,"column":6},"end":{"line":32,"column":126}}],"line":32},"4":{"loc":{"start":{"line":32,"column":78},"end":{"line":32,"column":122}},"type":"cond-expr","locations":[{"start":{"line":32,"column":101},"end":{"line":32,"column":111}},{"start":{"line":32,"column":114},"end":{"line":32,"column":122}}],"line":32}},"s":{"0":0,"1":0,"2":0,"3":0,"4":0,"5":0,"6":0,"7":0,"8":0,"9":0,"10":0,"11":0,"12":0,"13":0,"14":0,"15":0,"16":0,"17":0,"18":0,"19":0,"20":0,"21":0,"22":0,"23":0,"24":0,"25":0,"26":0,"27":0,"28":0,"29":0,"30":0},"f":{"0":0,"1":0,"2":0,"3":0},"b":{"0":[0,0],"1":[0,0],"2":[0,0],"3":[0,0],"4":[0,0]},"all":true},"C:\\Users\\Bakheet\\Documents\\peojects\\deemind\\tools\\build-all.js":{"path":"C:\\Users\\Bakheet\\Documents\\peojects\\deemind\\tools\\build-all.js","statementMap":{"0":{"start":{"line":6,"column":2},"end":{"line":11,"column":5}},"1":{"start":{"line":7,"column":14},"end":{"line":7,"column":75}},"2":{"start":{"line":8,"column":4},"end":{"line":10,"column":7}},"3":{"start":{"line":9,"column":6},"end":{"line":9,"column":104}},"4":{"start":{"line":9,"column":22},"end":{"line":9,"column":32}},"5":{"start":{"line":9,"column":38},"end":{"line":9,"column":104}},"6":{"start":{"line":15,"column":19},"end":{"line":15,"column":52}},"7":{"start":{"line":16,"column":2},"end":{"line":19,"column":3}},"8":{"start":{"line":17,"column":4},"end":{"line":17,"column":48}},"9":{"start":{"line":18,"column":4},"end":{"line":18,"column":20}},"10":{"start":{"line":20,"column":18},"end":{"line":20,"column":69}},"11":{"start":{"line":21,"column":17},"end":{"line":21,"column":70}},"12":{"start":{"line":21,"column":37},"end":{"line":21,"column":52}},"13":{"start":{"line":21,"column":63},"end":{"line":21,"column":69}},"14":{"start":{"line":22,"column":2},"end":{"line":25,"column":3}},"15":{"start":{"line":23,"column":4},"end":{"line":23,"column":49}},"16":{"start":{"line":24,"column":4},"end":{"line":24,"column":11}},"17":{"start":{"line":26,"column":2},"end":{"line":29,"column":3}},"18":{"start":{"line":27,"column":4},"end":{"line":27,"column":54}},"19":{"start":{"line":28,"column":4},"end":{"line":28,"column":51}},"20":{"start":{"line":30,"column":2},"end":{"line":30,"column":37}},"21":{"start":{"line":33,"column":0},"end":{"line":33,"column":60}},"22":{"start":{"line":33,"column":22},"end":{"line":33,"column":39}},"23":{"start":{"line":33,"column":40},"end":{"line":33,"column":56}}},"fnMap":{"0":{"name":"run","decl":{"start":{"line":5,"column":15},"end":{"line":5,"column":18}},"loc":{"start":{"line":5,"column":41},"end":{"line":12,"column":1}},"line":5},"1":{"name":"(anonymous_1)","decl":{"start":{"line":6,"column":21},"end":{"line":6,"column":22}},"loc":{"start":{"line":6,"column":42},"end":{"line":11,"column":3}},"line":6},"2":{"name":"(anonymous_2)","decl":{"start":{"line":8,"column":18},"end":{"line":8,"column":19}},"loc":{"start":{"line":8,"column":28},"end":{"line":10,"column":5}},"line":8},"3":{"name":"main","decl":{"start":{"line":14,"column":15},"end":{"line":14,"column":19}},"loc":{"start":{"line":14,"column":22},"end":{"line":31,"column":1}},"line":14},"4":{"name":"(anonymous_4)","decl":{"start":{"line":21,"column":32},"end":{"line":21,"column":33}},"loc":{"start":{"line":21,"column":37},"end":{"line":21,"column":52}},"line":21},"5":{"name":"(anonymous_5)","decl":{"start":{"line":21,"column":58},"end":{"line":21,"column":59}},"loc":{"start":{"line":21,"column":63},"end":{"line":21,"column":69}},"line":21},"6":{"name":"(anonymous_6)","decl":{"start":{"line":33,"column":13},"end":{"line":33,"column":14}},"loc":{"start":{"line":33,"column":20},"end":{"line":33,"column":58}},"line":33}},"branchMap":{"0":{"loc":{"start":{"line":5,"column":30},"end":{"line":5,"column":39}},"type":"default-arg","locations":[{"start":{"line":5,"column":37},"end":{"line":5,"column":39}}],"line":5},"1":{"loc":{"start":{"line":9,"column":6},"end":{"line":9,"column":104}},"type":"if","locations":[{"start":{"line":9,"column":6},"end":{"line":9,"column":104}},{"start":{"line":9,"column":6},"end":{"line":9,"column":104}}],"line":9},"2":{"loc":{"start":{"line":16,"column":2},"end":{"line":19,"column":3}},"type":"if","locations":[{"start":{"line":16,"column":2},"end":{"line":19,"column":3}},{"start":{"line":16,"column":2},"end":{"line":19,"column":3}}],"line":16},"3":{"loc":{"start":{"line":22,"column":2},"end":{"line":25,"column":3}},"type":"if","locations":[{"start":{"line":22,"column":2},"end":{"line":25,"column":3}},{"start":{"line":22,"column":2},"end":{"line":25,"column":3}}],"line":22}},"s":{"0":0,"1":0,"2":0,"3":0,"4":0,"5":0,"6":0,"7":0,"8":0,"9":0,"10":0,"11":0,"12":0,"13":0,"14":0,"15":0,"16":0,"17":0,"18":0,"19":0,"20":0,"21":0,"22":0,"23":0},"f":{"0":0,"1":0,"2":0,"3":0,"4":0,"5":0,"6":0},"b":{"0":[0],"1":[0,0],"2":[0,0],"3":[0,0]},"all":true},"C:\\Users\\Bakheet\\Documents\\peojects\\deemind\\tools\\build-tracker.js":{"path":"C:\\Users\\Bakheet\\Documents\\peojects\\deemind\\tools\\build-tracker.js","statementMap":{"0":{"start":{"line":6,"column":16},"end":{"line":6,"column":41}},"1":{"start":{"line":7,"column":19},"end":{"line":7,"column":49}},"2":{"start":{"line":8,"column":20},"end":{"line":8,"column":51}},"3":{"start":{"line":9,"column":20},"end":{"line":9,"column":51}},"4":{"start":{"line":11,"column":16},"end":{"line":11,"column":50}},"5":{"start":{"line":12,"column":21},"end":{"line":12,"column":56}},"6":{"start":{"line":13,"column":17},"end":{"line":13,"column":46}},"7":{"start":{"line":15,"column":19},"end":{"line":15,"column":77}},"8":{"start":{"line":17,"column":19},"end":{"line":33,"column":3}},"9":{"start":{"line":30,"column":35},"end":{"line":30,"column":41}},"10":{"start":{"line":31,"column":56},"end":{"line":31,"column":76}},"11":{"start":{"line":31,"column":87},"end":{"line":31,"column":93}},"12":{"start":{"line":36,"column":2},"end":{"line":50,"column":29}},"13":{"start":{"line":37,"column":25},"end":{"line":37,"column":65}},"14":{"start":{"line":38,"column":21},"end":{"line":38,"column":95}},"15":{"start":{"line":39,"column":4},"end":{"line":49,"column":5}},"16":{"start":{"line":40,"column":27},"end":{"line":40,"column":64}},"17":{"start":{"line":41,"column":26},"end":{"line":41,"column":71}},"18":{"start":{"line":42,"column":6},"end":{"line":42,"column":39}},"19":{"start":{"line":43,"column":20},"end":{"line":43,"column":22}},"20":{"start":{"line":44,"column":6},"end":{"line":46,"column":7}},"21":{"start":{"line":45,"column":8},"end":{"line":45,"column":81}},"22":{"start":{"line":45,"column":14},"end":{"line":45,"column":55}},"23":{"start":{"line":45,"column":66},"end":{"line":45,"column":79}},"24":{"start":{"line":47,"column":6},"end":{"line":47,"column":36}},"25":{"start":{"line":48,"column":6},"end":{"line":48,"column":62}},"26":{"start":{"line":50,"column":18},"end":{"line":50,"column":27}},"27":{"start":{"line":52,"column":2},"end":{"line":52,"column":18}},"28":{"start":{"line":56,"column":14},"end":{"line":56,"column":16}},"29":{"start":{"line":58,"column":4},"end":{"line":58,"column":42}},"30":{"start":{"line":58,"column":35},"end":{"line":58,"column":42}},"31":{"start":{"line":59,"column":20},"end":{"line":59,"column":64}},"32":{"start":{"line":60,"column":4},"end":{"line":64,"column":5}},"33":{"start":{"line":61,"column":16},"end":{"line":61,"column":36}},"34":{"start":{"line":62,"column":6},"end":{"line":63,"column":52}},"35":{"start":{"line":62,"column":27},"end":{"line":62,"column":41}},"36":{"start":{"line":63,"column":11},"end":{"line":63,"column":52}},"37":{"start":{"line":63,"column":40},"end":{"line":63,"column":52}},"38":{"start":{"line":66,"column":2},"end":{"line":66,"column":18}},"39":{"start":{"line":67,"column":2},"end":{"line":67,"column":13}},"40":{"start":{"line":71,"column":2},"end":{"line":71,"column":24}},"41":{"start":{"line":75,"column":12},"end":{"line":75,"column":36}},"42":{"start":{"line":76,"column":2},"end":{"line":81,"column":3}},"43":{"start":{"line":77,"column":4},"end":{"line":80,"column":31}},"44":{"start":{"line":78,"column":18},"end":{"line":78,"column":38}},"45":{"start":{"line":79,"column":6},"end":{"line":79,"column":20}},"46":{"start":{"line":80,"column":20},"end":{"line":80,"column":29}},"47":{"start":{"line":82,"column":2},"end":{"line":82,"column":25}}},"fnMap":{"0":{"name":"generateBuildManifest","decl":{"start":{"line":5,"column":22},"end":{"line":5,"column":43}},"loc":{"start":{"line":5,"column":115},"end":{"line":53,"column":1}},"line":5},"1":{"name":"(anonymous_1)","decl":{"start":{"line":30,"column":30},"end":{"line":30,"column":31}},"loc":{"start":{"line":30,"column":35},"end":{"line":30,"column":41}},"line":30},"2":{"name":"(anonymous_2)","decl":{"start":{"line":31,"column":51},"end":{"line":31,"column":52}},"loc":{"start":{"line":31,"column":56},"end":{"line":31,"column":76}},"line":31},"3":{"name":"(anonymous_3)","decl":{"start":{"line":31,"column":82},"end":{"line":31,"column":83}},"loc":{"start":{"line":31,"column":87},"end":{"line":31,"column":93}},"line":31},"4":{"name":"listFiles","decl":{"start":{"line":55,"column":15},"end":{"line":55,"column":24}},"loc":{"start":{"line":55,"column":35},"end":{"line":68,"column":1}},"line":55},"5":{"name":"walk","decl":{"start":{"line":57,"column":17},"end":{"line":57,"column":21}},"loc":{"start":{"line":57,"column":25},"end":{"line":65,"column":3}},"line":57},"6":{"name":"listAllFiles","decl":{"start":{"line":70,"column":15},"end":{"line":70,"column":27}},"loc":{"start":{"line":70,"column":33},"end":{"line":72,"column":1}},"line":70},"7":{"name":"hashOfContents","decl":{"start":{"line":74,"column":15},"end":{"line":74,"column":29}},"loc":{"start":{"line":74,"column":37},"end":{"line":83,"column":1}},"line":74}},"branchMap":{"0":{"loc":{"start":{"line":5,"column":56},"end":{"line":5,"column":113}},"type":"default-arg","locations":[{"start":{"line":5,"column":111},"end":{"line":5,"column":113}}],"line":5},"1":{"loc":{"start":{"line":29,"column":14},"end":{"line":29,"column":45}},"type":"binary-expr","locations":[{"start":{"line":29,"column":14},"end":{"line":29,"column":40}},{"start":{"line":29,"column":44},"end":{"line":29,"column":45}}],"line":29},"2":{"loc":{"start":{"line":30,"column":15},"end":{"line":30,"column":48}},"type":"binary-expr","locations":[{"start":{"line":30,"column":15},"end":{"line":30,"column":42}},{"start":{"line":30,"column":46},"end":{"line":30,"column":48}}],"line":30},"3":{"loc":{"start":{"line":31,"column":18},"end":{"line":31,"column":42}},"type":"binary-expr","locations":[{"start":{"line":31,"column":18},"end":{"line":31,"column":36}},{"start":{"line":31,"column":40},"end":{"line":31,"column":42}}],"line":31},"4":{"loc":{"start":{"line":38,"column":21},"end":{"line":38,"column":95}},"type":"cond-expr","locations":[{"start":{"line":38,"column":59},"end":{"line":38,"column":90}},{"start":{"line":38,"column":93},"end":{"line":38,"column":95}}],"line":38},"5":{"loc":{"start":{"line":39,"column":4},"end":{"line":49,"column":5}},"type":"if","locations":[{"start":{"line":39,"column":4},"end":{"line":49,"column":5}},{"start":{"line":39,"column":4},"end":{"line":49,"column":5}}],"line":39},"6":{"loc":{"start":{"line":44,"column":6},"end":{"line":46,"column":7}},"type":"if","locations":[{"start":{"line":44,"column":6},"end":{"line":46,"column":7}},{"start":{"line":44,"column":6},"end":{"line":46,"column":7}}],"line":44},"7":{"loc":{"start":{"line":58,"column":4},"end":{"line":58,"column":42}},"type":"if","locations":[{"start":{"line":58,"column":4},"end":{"line":58,"column":42}},{"start":{"line":58,"column":4},"end":{"line":58,"column":42}}],"line":58},"8":{"loc":{"start":{"line":62,"column":6},"end":{"line":63,"column":52}},"type":"if","locations":[{"start":{"line":62,"column":6},"end":{"line":63,"column":52}},{"start":{"line":62,"column":6},"end":{"line":63,"column":52}}],"line":62},"9":{"loc":{"start":{"line":63,"column":11},"end":{"line":63,"column":52}},"type":"if","locations":[{"start":{"line":63,"column":11},"end":{"line":63,"column":52}},{"start":{"line":63,"column":11},"end":{"line":63,"column":52}}],"line":63},"10":{"loc":{"start":{"line":63,"column":15},"end":{"line":63,"column":38}},"type":"binary-expr","locations":[{"start":{"line":63,"column":15},"end":{"line":63,"column":19}},{"start":{"line":63,"column":23},"end":{"line":63,"column":38}}],"line":63}},"s":{"0":0,"1":0,"2":0,"3":0,"4":0,"5":0,"6":0,"7":0,"8":0,"9":0,"10":0,"11":0,"12":0,"13":0,"14":0,"15":0,"16":0,"17":0,"18":0,"19":0,"20":0,"21":0,"22":0,"23":0,"24":0,"25":0,"26":0,"27":0,"28":0,"29":0,"30":0,"31":0,"32":0,"33":0,"34":0,"35":0,"36":0,"37":0,"38":0,"39":0,"40":0,"41":0,"42":0,"43":0,"44":0,"45":0,"46":0,"47":0},"f":{"0":0,"1":0,"2":0,"3":0,"4":0,"5":0,"6":0,"7":0},"b":{"0":[0],"1":[0,0],"2":[0,0],"3":[0,0],"4":[0,0],"5":[0,0],"6":[0,0],"7":[0,0],"8":[0,0],"9":[0,0],"10":[0,0]},"all":true},"C:\\Users\\Bakheet\\Documents\\peojects\\deemind\\tools\\close-open-issues.js":{"path":"C:\\Users\\Bakheet\\Documents\\peojects\\deemind\\tools\\close-open-issues.js","statementMap":{"0":{"start":{"line":5,"column":13},"end":{"line":5,"column":28}},"1":{"start":{"line":6,"column":13},"end":{"line":6,"column":95}},"2":{"start":{"line":8,"column":0},"end":{"line":11,"column":1}},"3":{"start":{"line":9,"column":2},"end":{"line":9,"column":81}},"4":{"start":{"line":10,"column":2},"end":{"line":10,"column":18}},"5":{"start":{"line":13,"column":14},"end":{"line":13,"column":62}},"6":{"start":{"line":14,"column":0},"end":{"line":17,"column":1}},"7":{"start":{"line":15,"column":2},"end":{"line":15,"column":72}},"8":{"start":{"line":16,"column":2},"end":{"line":16,"column":18}},"9":{"start":{"line":19,"column":13},"end":{"line":19,"column":51}},"10":{"start":{"line":22,"column":14},"end":{"line":31,"column":4}},"11":{"start":{"line":32,"column":2},"end":{"line":35,"column":3}},"12":{"start":{"line":33,"column":16},"end":{"line":33,"column":32}},"13":{"start":{"line":34,"column":4},"end":{"line":34,"column":84}},"14":{"start":{"line":36,"column":2},"end":{"line":36,"column":38}},"15":{"start":{"line":36,"column":26},"end":{"line":36,"column":38}},"16":{"start":{"line":37,"column":2},"end":{"line":37,"column":20}},"17":{"start":{"line":40,"column":0},"end":{"line":58,"column":5}},"18":{"start":{"line":41,"column":13},"end":{"line":41,"column":14}},"19":{"start":{"line":42,"column":21},"end":{"line":42,"column":23}},"20":{"start":{"line":43,"column":2},"end":{"line":48,"column":3}},"21":{"start":{"line":44,"column":17},"end":{"line":44,"column":74}},"22":{"start":{"line":45,"column":4},"end":{"line":45,"column":57}},"23":{"start":{"line":45,"column":51},"end":{"line":45,"column":57}},"24":{"start":{"line":46,"column":4},"end":{"line":46,"column":58}},"25":{"start":{"line":46,"column":40},"end":{"line":46,"column":55}},"26":{"start":{"line":47,"column":4},"end":{"line":47,"column":11}},"27":{"start":{"line":49,"column":2},"end":{"line":57,"column":3}},"28":{"start":{"line":50,"column":4},"end":{"line":56,"column":5}},"29":{"start":{"line":51,"column":6},"end":{"line":51,"column":94}},"30":{"start":{"line":52,"column":6},"end":{"line":52,"column":91}},"31":{"start":{"line":53,"column":6},"end":{"line":53,"column":62}},"32":{"start":{"line":55,"column":6},"end":{"line":55,"column":77}}},"fnMap":{"0":{"name":"api","decl":{"start":{"line":21,"column":15},"end":{"line":21,"column":18}},"loc":{"start":{"line":21,"column":56},"end":{"line":38,"column":1}},"line":21},"1":{"name":"(anonymous_1)","decl":{"start":{"line":40,"column":1},"end":{"line":40,"column":2}},"loc":{"start":{"line":40,"column":13},"end":{"line":58,"column":1}},"line":40},"2":{"name":"(anonymous_2)","decl":{"start":{"line":46,"column":35},"end":{"line":46,"column":36}},"loc":{"start":{"line":46,"column":40},"end":{"line":46,"column":55}},"line":46}},"branchMap":{"0":{"loc":{"start":{"line":6,"column":13},"end":{"line":6,"column":95}},"type":"binary-expr","locations":[{"start":{"line":6,"column":13},"end":{"line":6,"column":28}},{"start":{"line":6,"column":32},"end":{"line":6,"column":95}}],"line":6},"1":{"loc":{"start":{"line":8,"column":0},"end":{"line":11,"column":1}},"type":"if","locations":[{"start":{"line":8,"column":0},"end":{"line":11,"column":1}},{"start":{"line":8,"column":0},"end":{"line":11,"column":1}}],"line":8},"2":{"loc":{"start":{"line":13,"column":14},"end":{"line":13,"column":62}},"type":"binary-expr","locations":[{"start":{"line":13,"column":14},"end":{"line":13,"column":38}},{"start":{"line":13,"column":42},"end":{"line":13,"column":62}}],"line":13},"3":{"loc":{"start":{"line":14,"column":0},"end":{"line":17,"column":1}},"type":"if","locations":[{"start":{"line":14,"column":0},"end":{"line":17,"column":1}},{"start":{"line":14,"column":0},"end":{"line":17,"column":1}}],"line":14},"4":{"loc":{"start":{"line":21,"column":25},"end":{"line":21,"column":54}},"type":"default-arg","locations":[{"start":{"line":21,"column":52},"end":{"line":21,"column":54}}],"line":21},"5":{"loc":{"start":{"line":21,"column":27},"end":{"line":21,"column":41}},"type":"default-arg","locations":[{"start":{"line":21,"column":36},"end":{"line":21,"column":41}}],"line":21},"6":{"loc":{"start":{"line":30,"column":10},"end":{"line":30,"column":49}},"type":"cond-expr","locations":[{"start":{"line":30,"column":17},"end":{"line":30,"column":37}},{"start":{"line":30,"column":40},"end":{"line":30,"column":49}}],"line":30},"7":{"loc":{"start":{"line":32,"column":2},"end":{"line":35,"column":3}},"type":"if","locations":[{"start":{"line":32,"column":2},"end":{"line":35,"column":3}},{"start":{"line":32,"column":2},"end":{"line":35,"column":3}}],"line":32},"8":{"loc":{"start":{"line":36,"column":2},"end":{"line":36,"column":38}},"type":"if","locations":[{"start":{"line":36,"column":2},"end":{"line":36,"column":38}},{"start":{"line":36,"column":2},"end":{"line":36,"column":38}}],"line":36},"9":{"loc":{"start":{"line":45,"column":4},"end":{"line":45,"column":57}},"type":"if","locations":[{"start":{"line":45,"column":4},"end":{"line":45,"column":57}},{"start":{"line":45,"column":4},"end":{"line":45,"column":57}}],"line":45},"10":{"loc":{"start":{"line":45,"column":8},"end":{"line":45,"column":49}},"type":"binary-expr","locations":[{"start":{"line":45,"column":8},"end":{"line":45,"column":28}},{"start":{"line":45,"column":32},"end":{"line":45,"column":49}}],"line":45},"11":{"loc":{"start":{"line":55,"column":57},"end":{"line":55,"column":75}},"type":"binary-expr","locations":[{"start":{"line":55,"column":57},"end":{"line":55,"column":68}},{"start":{"line":55,"column":72},"end":{"line":55,"column":75}}],"line":55}},"s":{"0":0,"1":0,"2":0,"3":0,"4":0,"5":0,"6":0,"7":0,"8":0,"9":0,"10":0,"11":0,"12":0,"13":0,"14":0,"15":0,"16":0,"17":0,"18":0,"19":0,"20":0,"21":0,"22":0,"23":0,"24":0,"25":0,"26":0,"27":0,"28":0,"29":0,"30":0,"31":0,"32":0},"f":{"0":0,"1":0,"2":0},"b":{"0":[0,0],"1":[0,0],"2":[0,0],"3":[0,0],"4":[0],"5":[0],"6":[0,0],"7":[0,0],"8":[0,0],"9":[0,0],"10":[0,0],"11":[0,0]},"all":true},"C:\\Users\\Bakheet\\Documents\\peojects\\deemind\\tools\\create-issues.js":{"path":"C:\\Users\\Bakheet\\Documents\\peojects\\deemind\\tools\\create-issues.js","statementMap":{"0":{"start":{"line":10,"column":30},"end":{"line":10,"column":51}},"1":{"start":{"line":11,"column":21},"end":{"line":11,"column":98}},"2":{"start":{"line":12,"column":2},"end":{"line":15,"column":3}},"3":{"start":{"line":13,"column":4},"end":{"line":13,"column":119}},"4":{"start":{"line":14,"column":4},"end":{"line":14,"column":20}},"5":{"start":{"line":16,"column":19},"end":{"line":16,"column":98}},"6":{"start":{"line":17,"column":2},"end":{"line":20,"column":3}},"7":{"start":{"line":18,"column":4},"end":{"line":18,"column":56}},"8":{"start":{"line":19,"column":4},"end":{"line":19,"column":20}},"9":{"start":{"line":22,"column":16},"end":{"line":22,"column":28}},"10":{"start":{"line":23,"column":14},"end":{"line":23,"column":35}},"11":{"start":{"line":23,"column":50},"end":{"line":107,"column":3}},"12":{"start":{"line":24,"column":4},"end":{"line":104,"column":6}},"13":{"start":{"line":106,"column":4},"end":{"line":106,"column":79}},"14":{"start":{"line":110,"column":16},"end":{"line":110,"column":103}},"15":{"start":{"line":110,"column":72},"end":{"line":110,"column":83}},"16":{"start":{"line":112,"column":2},"end":{"line":112,"column":71}},"17":{"start":{"line":112,"column":53},"end":{"line":112,"column":67}},"18":{"start":{"line":116,"column":23},"end":{"line":116,"column":55}},"19":{"start":{"line":120,"column":2},"end":{"line":120,"column":71}},"20":{"start":{"line":120,"column":32},"end":{"line":120,"column":71}},"21":{"start":{"line":121,"column":14},"end":{"line":121,"column":70}},"22":{"start":{"line":122,"column":2},"end":{"line":125,"column":3}},"23":{"start":{"line":123,"column":4},"end":{"line":123,"column":95}},"24":{"start":{"line":124,"column":4},"end":{"line":124,"column":20}},"25":{"start":{"line":126,"column":2},"end":{"line":126,"column":27}},"26":{"start":{"line":130,"column":15},"end":{"line":130,"column":53}},"27":{"start":{"line":131,"column":2},"end":{"line":149,"column":4}},"28":{"start":{"line":132,"column":20},"end":{"line":137,"column":5}},"29":{"start":{"line":138,"column":16},"end":{"line":142,"column":6}},"30":{"start":{"line":143,"column":4},"end":{"line":146,"column":5}},"31":{"start":{"line":144,"column":19},"end":{"line":144,"column":35}},"32":{"start":{"line":145,"column":6},"end":{"line":145,"column":91}},"33":{"start":{"line":147,"column":4},"end":{"line":147,"column":40}},"34":{"start":{"line":147,"column":28},"end":{"line":147,"column":40}},"35":{"start":{"line":148,"column":4},"end":{"line":148,"column":22}},"36":{"start":{"line":153,"column":14},"end":{"line":153,"column":23}},"37":{"start":{"line":155,"column":13},"end":{"line":155,"column":14}},"38":{"start":{"line":156,"column":19},"end":{"line":156,"column":21}},"39":{"start":{"line":157,"column":2},"end":{"line":162,"column":3}},"40":{"start":{"line":158,"column":17},"end":{"line":158,"column":78}},"41":{"start":{"line":159,"column":4},"end":{"line":159,"column":57}},"42":{"start":{"line":159,"column":51},"end":{"line":159,"column":57}},"43":{"start":{"line":160,"column":4},"end":{"line":160,"column":27}},"44":{"start":{"line":161,"column":4},"end":{"line":161,"column":11}},"45":{"start":{"line":163,"column":2},"end":{"line":163,"column":55}},"46":{"start":{"line":163,"column":28},"end":{"line":163,"column":55}},"47":{"start":{"line":164,"column":2},"end":{"line":169,"column":3}},"48":{"start":{"line":165,"column":4},"end":{"line":168,"column":5}},"49":{"start":{"line":166,"column":22},"end":{"line":166,"column":83}},"50":{"start":{"line":167,"column":6},"end":{"line":167,"column":45}},"51":{"start":{"line":170,"column":2},"end":{"line":170,"column":13}},"52":{"start":{"line":175,"column":13},"end":{"line":175,"column":14}},"53":{"start":{"line":175,"column":33},"end":{"line":175,"column":42}},"54":{"start":{"line":176,"column":2},"end":{"line":181,"column":3}},"55":{"start":{"line":177,"column":17},"end":{"line":177,"column":63}},"56":{"start":{"line":178,"column":4},"end":{"line":178,"column":57}},"57":{"start":{"line":178,"column":51},"end":{"line":178,"column":57}},"58":{"start":{"line":179,"column":4},"end":{"line":179,"column":47}},"59":{"start":{"line":179,"column":26},"end":{"line":179,"column":47}},"60":{"start":{"line":180,"column":4},"end":{"line":180,"column":11}},"61":{"start":{"line":182,"column":2},"end":{"line":187,"column":3}},"62":{"start":{"line":183,"column":4},"end":{"line":186,"column":5}},"63":{"start":{"line":184,"column":6},"end":{"line":184,"column":80}},"64":{"start":{"line":185,"column":6},"end":{"line":185,"column":25}},"65":{"start":{"line":190,"column":0},"end":{"line":190,"column":77}},"66":{"start":{"line":190,"column":22},"end":{"line":190,"column":56}},"67":{"start":{"line":190,"column":57},"end":{"line":190,"column":73}}},"fnMap":{"0":{"name":"main","decl":{"start":{"line":9,"column":15},"end":{"line":9,"column":19}},"loc":{"start":{"line":9,"column":22},"end":{"line":114,"column":1}},"line":9},"1":{"name":"(anonymous_1)","decl":{"start":{"line":110,"column":67},"end":{"line":110,"column":68}},"loc":{"start":{"line":110,"column":72},"end":{"line":110,"column":83}},"line":110},"2":{"name":"(anonymous_2)","decl":{"start":{"line":112,"column":48},"end":{"line":112,"column":49}},"loc":{"start":{"line":112,"column":53},"end":{"line":112,"column":67}},"line":112},"3":{"name":"unique","decl":{"start":{"line":116,"column":9},"end":{"line":116,"column":15}},"loc":{"start":{"line":116,"column":21},"end":{"line":116,"column":57}},"line":116},"4":{"name":"getGhToken","decl":{"start":{"line":118,"column":9},"end":{"line":118,"column":19}},"loc":{"start":{"line":118,"column":22},"end":{"line":127,"column":1}},"line":118},"5":{"name":"buildApi","decl":{"start":{"line":129,"column":9},"end":{"line":129,"column":17}},"loc":{"start":{"line":129,"column":31},"end":{"line":150,"column":1}},"line":129},"6":{"name":"api","decl":{"start":{"line":131,"column":24},"end":{"line":131,"column":27}},"loc":{"start":{"line":131,"column":69},"end":{"line":149,"column":3}},"line":131},"7":{"name":"ensureMilestones","decl":{"start":{"line":152,"column":15},"end":{"line":152,"column":31}},"loc":{"start":{"line":152,"column":45},"end":{"line":171,"column":1}},"line":152},"8":{"name":"ensureLabels","decl":{"start":{"line":173,"column":15},"end":{"line":173,"column":27}},"loc":{"start":{"line":173,"column":41},"end":{"line":188,"column":1}},"line":173},"9":{"name":"(anonymous_9)","decl":{"start":{"line":190,"column":13},"end":{"line":190,"column":14}},"loc":{"start":{"line":190,"column":20},"end":{"line":190,"column":75}},"line":190}},"branchMap":{"0":{"loc":{"start":{"line":11,"column":21},"end":{"line":11,"column":98}},"type":"binary-expr","locations":[{"start":{"line":11,"column":21},"end":{"line":11,"column":60}},{"start":{"line":11,"column":64},"end":{"line":11,"column":98}}],"line":11},"1":{"loc":{"start":{"line":12,"column":2},"end":{"line":15,"column":3}},"type":"if","locations":[{"start":{"line":12,"column":2},"end":{"line":15,"column":3}},{"start":{"line":12,"column":2},"end":{"line":15,"column":3}}],"line":12},"2":{"loc":{"start":{"line":16,"column":19},"end":{"line":16,"column":98}},"type":"cond-expr","locations":[{"start":{"line":16,"column":31},"end":{"line":16,"column":35}},{"start":{"line":16,"column":39},"end":{"line":16,"column":97}}],"line":16},"3":{"loc":{"start":{"line":16,"column":39},"end":{"line":16,"column":97}},"type":"binary-expr","locations":[{"start":{"line":16,"column":39},"end":{"line":16,"column":50}},{"start":{"line":16,"column":54},"end":{"line":16,"column":97}}],"line":16},"4":{"loc":{"start":{"line":17,"column":2},"end":{"line":20,"column":3}},"type":"if","locations":[{"start":{"line":17,"column":2},"end":{"line":20,"column":3}},{"start":{"line":17,"column":2},"end":{"line":20,"column":3}}],"line":17},"5":{"loc":{"start":{"line":17,"column":6},"end":{"line":17,"column":44}},"type":"binary-expr","locations":[{"start":{"line":17,"column":6},"end":{"line":17,"column":16}},{"start":{"line":17,"column":20},"end":{"line":17,"column":44}}],"line":17},"6":{"loc":{"start":{"line":23,"column":50},"end":{"line":107,"column":3}},"type":"if","locations":[{"start":{"line":23,"column":50},"end":{"line":107,"column":3}},{"start":{"line":23,"column":50},"end":{"line":107,"column":3}}],"line":23},"7":{"loc":{"start":{"line":106,"column":13},"end":{"line":106,"column":78}},"type":"cond-expr","locations":[{"start":{"line":106,"column":25},"end":{"line":106,"column":31}},{"start":{"line":106,"column":34},"end":{"line":106,"column":78}}],"line":106},"8":{"loc":{"start":{"line":112,"column":53},"end":{"line":112,"column":67}},"type":"binary-expr","locations":[{"start":{"line":112,"column":53},"end":{"line":112,"column":61}},{"start":{"line":112,"column":65},"end":{"line":112,"column":67}}],"line":112},"9":{"loc":{"start":{"line":120,"column":2},"end":{"line":120,"column":71}},"type":"if","locations":[{"start":{"line":120,"column":2},"end":{"line":120,"column":71}},{"start":{"line":120,"column":2},"end":{"line":120,"column":71}}],"line":120},"10":{"loc":{"start":{"line":122,"column":2},"end":{"line":125,"column":3}},"type":"if","locations":[{"start":{"line":122,"column":2},"end":{"line":125,"column":3}},{"start":{"line":122,"column":2},"end":{"line":125,"column":3}}],"line":122},"11":{"loc":{"start":{"line":131,"column":38},"end":{"line":131,"column":67}},"type":"default-arg","locations":[{"start":{"line":131,"column":65},"end":{"line":131,"column":67}}],"line":131},"12":{"loc":{"start":{"line":131,"column":40},"end":{"line":131,"column":54}},"type":"default-arg","locations":[{"start":{"line":131,"column":49},"end":{"line":131,"column":54}}],"line":131},"13":{"loc":{"start":{"line":141,"column":12},"end":{"line":141,"column":51}},"type":"cond-expr","locations":[{"start":{"line":141,"column":19},"end":{"line":141,"column":39}},{"start":{"line":141,"column":42},"end":{"line":141,"column":51}}],"line":141},"14":{"loc":{"start":{"line":143,"column":4},"end":{"line":146,"column":5}},"type":"if","locations":[{"start":{"line":143,"column":4},"end":{"line":146,"column":5}},{"start":{"line":143,"column":4},"end":{"line":146,"column":5}}],"line":143},"15":{"loc":{"start":{"line":147,"column":4},"end":{"line":147,"column":40}},"type":"if","locations":[{"start":{"line":147,"column":4},"end":{"line":147,"column":40}},{"start":{"line":147,"column":4},"end":{"line":147,"column":40}}],"line":147},"16":{"loc":{"start":{"line":159,"column":4},"end":{"line":159,"column":57}},"type":"if","locations":[{"start":{"line":159,"column":4},"end":{"line":159,"column":57}},{"start":{"line":159,"column":4},"end":{"line":159,"column":57}}],"line":159},"17":{"loc":{"start":{"line":159,"column":8},"end":{"line":159,"column":49}},"type":"binary-expr","locations":[{"start":{"line":159,"column":8},"end":{"line":159,"column":28}},{"start":{"line":159,"column":32},"end":{"line":159,"column":49}}],"line":159},"18":{"loc":{"start":{"line":165,"column":4},"end":{"line":168,"column":5}},"type":"if","locations":[{"start":{"line":165,"column":4},"end":{"line":168,"column":5}},{"start":{"line":165,"column":4},"end":{"line":168,"column":5}}],"line":165},"19":{"loc":{"start":{"line":178,"column":4},"end":{"line":178,"column":57}},"type":"if","locations":[{"start":{"line":178,"column":4},"end":{"line":178,"column":57}},{"start":{"line":178,"column":4},"end":{"line":178,"column":57}}],"line":178},"20":{"loc":{"start":{"line":178,"column":8},"end":{"line":178,"column":49}},"type":"binary-expr","locations":[{"start":{"line":178,"column":8},"end":{"line":178,"column":28}},{"start":{"line":178,"column":32},"end":{"line":178,"column":49}}],"line":178},"21":{"loc":{"start":{"line":183,"column":4},"end":{"line":186,"column":5}},"type":"if","locations":[{"start":{"line":183,"column":4},"end":{"line":186,"column":5}},{"start":{"line":183,"column":4},"end":{"line":186,"column":5}}],"line":183},"22":{"loc":{"start":{"line":190,"column":36},"end":{"line":190,"column":54}},"type":"binary-expr","locations":[{"start":{"line":190,"column":36},"end":{"line":190,"column":47}},{"start":{"line":190,"column":51},"end":{"line":190,"column":54}}],"line":190}},"s":{"0":0,"1":0,"2":0,"3":0,"4":0,"5":0,"6":0,"7":0,"8":0,"9":0,"10":0,"11":0,"12":0,"13":0,"14":0,"15":0,"16":0,"17":0,"18":0,"19":0,"20":0,"21":0,"22":0,"23":0,"24":0,"25":0,"26":0,"27":0,"28":0,"29":0,"30":0,"31":0,"32":0,"33":0,"34":0,"35":0,"36":0,"37":0,"38":0,"39":0,"40":0,"41":0,"42":0,"43":0,"44":0,"45":0,"46":0,"47":0,"48":0,"49":0,"50":0,"51":0,"52":0,"53":0,"54":0,"55":0,"56":0,"57":0,"58":0,"59":0,"60":0,"61":0,"62":0,"63":0,"64":0,"65":0,"66":0,"67":0},"f":{"0":0,"1":0,"2":0,"3":0,"4":0,"5":0,"6":0,"7":0,"8":0,"9":0},"b":{"0":[0,0],"1":[0,0],"2":[0,0],"3":[0,0],"4":[0,0],"5":[0,0],"6":[0,0],"7":[0,0],"8":[0,0],"9":[0,0],"10":[0,0],"11":[0],"12":[0],"13":[0,0],"14":[0,0],"15":[0,0],"16":[0,0],"17":[0,0],"18":[0,0],"19":[0,0],"20":[0,0],"21":[0,0],"22":[0,0]},"all":true},"C:\\Users\\Bakheet\\Documents\\peojects\\deemind\\tools\\deemind-parser\\conflict-detector.js":{"path":"C:\\Users\\Bakheet\\Documents\\peojects\\deemind\\tools\\deemind-parser\\conflict-detector.js","statementMap":{"0":{"start":{"line":4,"column":17},"end":{"line":4,"column":19}},"1":{"start":{"line":5,"column":15},"end":{"line":5,"column":24}},"2":{"start":{"line":6,"column":2},"end":{"line":17,"column":3}},"3":{"start":{"line":7,"column":17},"end":{"line":7,"column":59}},"4":{"start":{"line":8,"column":16},"end":{"line":8,"column":34}},"5":{"start":{"line":9,"column":4},"end":{"line":13,"column":5}},"6":{"start":{"line":10,"column":6},"end":{"line":10,"column":81}},"7":{"start":{"line":12,"column":6},"end":{"line":12,"column":27}},"8":{"start":{"line":14,"column":4},"end":{"line":16,"column":5}},"9":{"start":{"line":15,"column":6},"end":{"line":15,"column":55}},"10":{"start":{"line":18,"column":2},"end":{"line":18,"column":16}}},"fnMap":{"0":{"name":"detectConflicts","decl":{"start":{"line":3,"column":16},"end":{"line":3,"column":31}},"loc":{"start":{"line":3,"column":39},"end":{"line":19,"column":1}},"line":3}},"branchMap":{"0":{"loc":{"start":{"line":9,"column":4},"end":{"line":13,"column":5}},"type":"if","locations":[{"start":{"line":9,"column":4},"end":{"line":13,"column":5}},{"start":{"line":9,"column":4},"end":{"line":13,"column":5}}],"line":9},"1":{"loc":{"start":{"line":14,"column":4},"end":{"line":16,"column":5}},"type":"if","locations":[{"start":{"line":14,"column":4},"end":{"line":16,"column":5}},{"start":{"line":14,"column":4},"end":{"line":16,"column":5}}],"line":14},"2":{"loc":{"start":{"line":14,"column":8},"end":{"line":14,"column":33}},"type":"binary-expr","locations":[{"start":{"line":14,"column":8},"end":{"line":14,"column":15}},{"start":{"line":14,"column":19},"end":{"line":14,"column":33}}],"line":14}},"s":{"0":0,"1":0,"2":0,"3":0,"4":0,"5":0,"6":0,"7":0,"8":0,"9":0,"10":0},"f":{"0":0},"b":{"0":[0,0],"1":[0,0],"2":[0,0]},"all":true},"C:\\Users\\Bakheet\\Documents\\peojects\\deemind\\tools\\deemind-parser\\css-parser.js":{"path":"C:\\Users\\Bakheet\\Documents\\peojects\\deemind\\tools\\deemind-parser\\css-parser.js","statementMap":{"0":{"start":{"line":5,"column":14},"end":{"line":5,"column":119}},"1":{"start":{"line":8,"column":17},"end":{"line":8,"column":19}},"2":{"start":{"line":10,"column":2},"end":{"line":31,"column":3}},"3":{"start":{"line":11,"column":19},"end":{"line":11,"column":21}},"4":{"start":{"line":12,"column":21},"end":{"line":12,"column":56}},"5":{"start":{"line":14,"column":4},"end":{"line":16,"column":5}},"6":{"start":{"line":15,"column":6},"end":{"line":15,"column":24}},"7":{"start":{"line":17,"column":20},"end":{"line":17,"column":22}},"8":{"start":{"line":18,"column":4},"end":{"line":29,"column":5}},"9":{"start":{"line":19,"column":6},"end":{"line":28,"column":29}},"10":{"start":{"line":20,"column":21},"end":{"line":20,"column":39}},"11":{"start":{"line":21,"column":8},"end":{"line":27,"column":11}},"12":{"start":{"line":22,"column":22},"end":{"line":22,"column":24}},"13":{"start":{"line":23,"column":10},"end":{"line":25,"column":13}},"14":{"start":{"line":24,"column":12},"end":{"line":24,"column":66}},"15":{"start":{"line":24,"column":38},"end":{"line":24,"column":66}},"16":{"start":{"line":26,"column":10},"end":{"line":26,"column":110}},"17":{"start":{"line":26,"column":39},"end":{"line":26,"column":110}},"18":{"start":{"line":28,"column":20},"end":{"line":28,"column":27}},"19":{"start":{"line":30,"column":4},"end":{"line":30,"column":28}},"20":{"start":{"line":32,"column":2},"end":{"line":32,"column":16}}},"fnMap":{"0":{"name":"extractCssMap","decl":{"start":{"line":7,"column":22},"end":{"line":7,"column":35}},"loc":{"start":{"line":7,"column":54},"end":{"line":33,"column":1}},"line":7},"1":{"name":"(anonymous_1)","decl":{"start":{"line":21,"column":23},"end":{"line":21,"column":24}},"loc":{"start":{"line":21,"column":31},"end":{"line":27,"column":9}},"line":21},"2":{"name":"(anonymous_2)","decl":{"start":{"line":23,"column":25},"end":{"line":23,"column":26}},"loc":{"start":{"line":23,"column":33},"end":{"line":25,"column":11}},"line":23}},"branchMap":{"0":{"loc":{"start":{"line":24,"column":12},"end":{"line":24,"column":66}},"type":"if","locations":[{"start":{"line":24,"column":12},"end":{"line":24,"column":66}},{"start":{"line":24,"column":12},"end":{"line":24,"column":66}}],"line":24},"1":{"loc":{"start":{"line":26,"column":10},"end":{"line":26,"column":110}},"type":"if","locations":[{"start":{"line":26,"column":10},"end":{"line":26,"column":110}},{"start":{"line":26,"column":10},"end":{"line":26,"column":110}}],"line":26},"2":{"loc":{"start":{"line":26,"column":70},"end":{"line":26,"column":98}},"type":"binary-expr","locations":[{"start":{"line":26,"column":70},"end":{"line":26,"column":92}},{"start":{"line":26,"column":96},"end":{"line":26,"column":98}}],"line":26}},"s":{"0":0,"1":0,"2":0,"3":0,"4":0,"5":0,"6":0,"7":0,"8":0,"9":0,"10":0,"11":0,"12":0,"13":0,"14":0,"15":0,"16":0,"17":0,"18":0,"19":0,"20":0},"f":{"0":0,"1":0,"2":0},"b":{"0":[0,0],"1":[0,0],"2":[0,0]},"all":true},"C:\\Users\\Bakheet\\Documents\\peojects\\deemind\\tools\\deemind-parser\\hybrid-runner.js":{"path":"C:\\Users\\Bakheet\\Documents\\peojects\\deemind\\tools\\deemind-parser\\hybrid-runner.js","statementMap":{"0":{"start":{"line":10,"column":2},"end":{"line":10,"column":69}},"1":{"start":{"line":14,"column":2},"end":{"line":14,"column":29}},"2":{"start":{"line":17,"column":22},"end":{"line":17,"column":56}},"3":{"start":{"line":18,"column":13},"end":{"line":18,"column":17}},"4":{"start":{"line":19,"column":2},"end":{"line":21,"column":3}},"5":{"start":{"line":20,"column":4},"end":{"line":20,"column":77}},"6":{"start":{"line":20,"column":10},"end":{"line":20,"column":48}},"7":{"start":{"line":20,"column":63},"end":{"line":20,"column":75}},"8":{"start":{"line":24,"column":17},"end":{"line":24,"column":45}},"9":{"start":{"line":27,"column":24},"end":{"line":35,"column":5}},"10":{"start":{"line":27,"column":47},"end":{"line":35,"column":3}},"11":{"start":{"line":38,"column":20},"end":{"line":38,"column":49}},"12":{"start":{"line":41,"column":17},"end":{"line":41,"column":61}},"13":{"start":{"line":42,"column":16},"end":{"line":42,"column":45}},"14":{"start":{"line":45,"column":20},"end":{"line":45,"column":22}},"15":{"start":{"line":46,"column":2},"end":{"line":48,"column":3}},"16":{"start":{"line":47,"column":4},"end":{"line":47,"column":35}},"17":{"start":{"line":49,"column":16},"end":{"line":49,"column":40}},"18":{"start":{"l
[...]
line":87,"column":3}},{"start":{"line":85,"column":2},"end":{"line":87,"column":3}}],"line":85},"12":{"loc":{"start":{"line":86,"column":5},"end":{"line":86,"column":60}},"type":"cond-expr","locations":[{"start":{"line":86,"column":29},"end":{"line":86,"column":42}},{"start":{"line":86,"column":45},"end":{"line":86,"column":60}}],"line":86},"13":{"loc":{"start":{"line":95,"column":20},"end":{"line":95,"column":41}},"type":"binary-expr","locations":[{"start":{"line":95,"column":20},"end":{"line":95,"column":29}},{"start":{"line":95,"column":33},"end":{"line":95,"column":41}}],"line":95},"14":{"loc":{"start":{"line":96,"column":11},"end":{"line":96,"column":46}},"type":"binary-expr","locations":[{"start":{"line":96,"column":11},"end":{"line":96,"column":34}},{"start":{"line":96,"column":38},"end":{"line":96,"column":46}}],"line":96},"15":{"loc":{"start":{"line":106,"column":4},"end":{"line":106,"column":129}},"type":"if","locations":[{"start":{"line":106,"column":4},"end":{"line":106,"column":129}},{"start":{"line":106,"column":4},"end":{"line":106,"column":129}}],"line":106},"16":{"loc":{"start":{"line":111,"column":2},"end":{"line":122,"column":3}},"type":"if","locations":[{"start":{"line":111,"column":2},"end":{"line":122,"column":3}},{"start":{"line":111,"column":2},"end":{"line":122,"column":3}}],"line":111},"17":{"loc":{"start":{"line":116,"column":6},"end":{"line":120,"column":7}},"type":"if","locations":[{"start":{"line":116,"column":6},"end":{"line":120,"column":7}},{"start":{"line":116,"column":6},"end":{"line":120,"column":7}}],"line":116},"18":{"loc":{"start":{"line":116,"column":10},"end":{"line":116,"column":46}},"type":"binary-expr","locations":[{"start":{"line":116,"column":10},"end":{"line":116,"column":23}},{"start":{"line":116,"column":27},"end":{"line":116,"column":46}}],"line":116},"19":{"loc":{"start":{"line":128,"column":4},"end":{"line":130,"column":5}},"type":"if","locations":[{"start":{"line":128,"column":4},"end":{"line":130,"column":5}},{"start":{"line":128,"column":4},"end":{"line":130,"column":5}}],"line":128},"20":{"loc":{"start":{"line":128,"column":8},"end":{"line":128,"column":64}},"type":"binary-expr","locations":[{"start":{"line":128,"column":8},"end":{"line":128,"column":28}},{"start":{"line":128,"column":32},"end":{"line":128,"column":64}}],"line":128},"21":{"loc":{"start":{"line":135,"column":2},"end":{"line":141,"column":3}},"type":"if","locations":[{"start":{"line":135,"column":2},"end":{"line":141,"column":3}},{"start":{"line":135,"column":2},"end":{"line":141,"column":3}}],"line":135},"22":{"loc":{"start":{"line":161,"column":4},"end":{"line":161,"column":37}},"type":"if","locations":[{"start":{"line":161,"column":4},"end":{"line":161,"column":37}},{"start":{"line":161,"column":4},"end":{"line":161,"column":37}}],"line":161},"23":{"loc":{"start":{"line":162,"column":4},"end":{"line":162,"column":40}},"type":"if","locations":[{"start":{"line":162,"column":4},"end":{"line":162,"column":40}},{"start":{"line":162,"column":4},"end":{"line":162,"column":40}}],"line":162},"24":{"loc":{"start":{"line":164,"column":22},"end":{"line":164,"column":39}},"type":"binary-expr","locations":[{"start":{"line":164,"column":22},"end":{"line":164,"column":33}},{"start":{"line":164,"column":37},"end":{"line":164,"column":39}}],"line":164},"25":{"loc":{"start":{"line":165,"column":6},"end":{"line":165,"column":32}},"type":"if","locations":[{"start":{"line":165,"column":6},"end":{"line":165,"column":32}},{"start":{"line":165,"column":6},"end":{"line":165,"column":32}}],"line":165}},"s":{"0":0,"1":0,"2":0,"3":0,"4":0,"5":0,"6":0,"7":0,"8":0,"9":0,"10":0,"11":0,"12":0,"13":0,"14":0,"15":0,"16":0,"17":0,"18":0,"19":0,"20":0,"21":0,"22":0,"23":0,"24":0,"25":0,"26":0,"27":0,"28":0,"29":0,"30":0,"31":0,"32":0,"33":0,"34":0,"35":0,"36":0,"37":0,"38":0,"39":0,"40":0,"41":0,"42":0,"43":0,"44":0,"45":0,"46":0,"47":0,"48":0,"49":0,"50":0,"51":0,"52":0,"53":0,"54":0,"55":0,"56":0,"57":0,"58":0,"59":0,"60":0,"61":0,"62":0,"63":0,"64":0,"65":0,"66":0,"67":0,"68":0,"69":0,"70":0,"71":0,"72":0,"73":0,"74":0,"75":0,"76":0,"77":0,"78":0,"79":0,"80":0,"81":0,"82":0,"83":0,"84":0,"85":0,"86":0,"87":0,"88":0,"89":0,"90":0,"91":0,"92":0,"93":0,"94":0,"95":0,"96":0,"97":0,"98":0,"99":0,"100":0,"101":0,"102":0,"103":0,"104":0,"105":0,"106":0,"107":0,"108":0,"109":0,"110":0,"111":0,"112":0,"113":0},"f":{"0":0,"1":0,"2":0,"3":0,"4":0,"5":0,"6":0,"7":0,"8":0,"9":0,"10":0,"11":0},"b":{"0":[0,0],"1":[0,0],"2":[0,0],"3":[0,0],"4":[0,0],"5":[0,0],"6":[0,0],"7":[0,0],"8":[0,0],"9":[0,0],"10":[0,0],"11":[0,0],"12":[0,0],"13":[0,0],"14":[0,0],"15":[0,0],"16":[0,0],"17":[0,0],"18":[0,0],"19":[0,0],"20":[0,0],"21":[0,0],"22":[0,0],"23":[0,0],"24":[0,0],"25":[0,0]},"all":true},"C:\\Users\\Bakheet\\Documents\\peojects\\deemind\\tools\\validator.js":{"path":"C:\\Users\\Bakheet\\Documents\\peojects\\deemind\\tools\\validator.js","statementMap":{"0":{"start":{"line":6,"column":20},"end":{"line":6,"column":51}},"1":{"start":{"line":7,"column":19},"end":{"line":7,"column":49}},"2":{"start":{"line":8,"column":21},"end":{"line":8,"column":57}},"3":{"start":{"line":10,"column":17},"end":{"line":10,"column":19}},"4":{"start":{"line":11,"column":17},"end":{"line":11,"column":54}},"5":{"start":{"line":11,"column":31},"end":{"line":11,"column":53}},"6":{"start":{"line":13,"column":2},"end":{"line":13,"column":105}},"7":{"start":{"line":13,"column":34},"end":{"line":13,"column":105}},"8":{"start":{"line":14,"column":2},"end":{"line":14,"column":103}},"9":{"start":{"line":14,"column":33},"end":{"line":14,"column":103}},"10":{"start":{"line":16,"column":18},"end":{"line":16,"column":19}},"11":{"start":{"line":17,"column":2},"end":{"line":34,"column":3}},"12":{"start":{"line":18,"column":18},"end":{"line":18,"column":73}},"13":{"start":{"line":19,"column":4},"end":{"line":19,"column":29}},"14":{"start":{"line":20,"column":4},"end":{"line":20,"column":78}},"15":{"start":{"line":20,"column":25},"end":{"line":20,"column":78}},"16":{"start":{"line":22,"column":4},"end":{"line":33,"column":5}},"17":{"start":{"line":23,"column":16},"end":{"line":23,"column":38}},"18":{"start":{"line":24,"column":6},"end":{"line":32,"column":33}},"19":{"start":{"line":25,"column":20},"end":{"line":25,"column":48}},"20":{"start":{"line":26,"column":8},"end":{"line":28,"column":9}},"21":{"start":{"line":27,"column":10},"end":{"line":27,"column":89}},"22":{"start":{"line":29,"column":8},"end":{"line":31,"column":9}},"23":{"start":{"line":30,"column":10},"end":{"line":30,"column":95}},"24":{"start":{"line":32,"column":22},"end":{"line":32,"column":31}},"25":{"start":{"line":37,"column":2},"end":{"line":49,"column":29}},"26":{"start":{"line":38,"column":23},"end":{"line":38,"column":61}},"27":{"start":{"line":39,"column":4},"end":{"line":48,"column":5}},"28":{"start":{"line":40,"column":21},"end":{"line":40,"column":50}},"29":{"start":{"line":41,"column":23},"end":{"line":41,"column":44}},"30":{"start":{"line":42,"column":6},"end":{"line":47,"column":7}},"31":{"start":{"line":43,"column":24},"end":{"line":43,"column":48}},"32":{"start":{"line":44,"column":8},"end":{"line":46,"column":9}},"33":{"start":{"line":45,"column":10},"end":{"line":45,"column":92}},"34":{"start":{"line":49,"column":18},"end":{"line":49,"column":27}},"35":{"start":{"line":52,"column":23},"end":{"line":52,"column":61}},"36":{"start":{"line":53,"column":2},"end":{"line":62,"column":3}},"37":{"start":{"line":54,"column":4},"end":{"line":61,"column":31}},"38":{"start":{"line":55,"column":23},"end":{"line":55,"column":54}},"39":{"start":{"line":56,"column":24},"end":{"line":56,"column":55}},"40":{"start":{"line":57,"column":27},"end":{"line":57,"column":54}},"41":{"start":{"line":58,"column":6},"end":{"line":60,"column":7}},"42":{"start":{"line":59,"column":8},"end":{"line":59,"column":124}},"43":{"start":{"line":61,"column":20},"end":{"line":61,"column":29}},"44":{"start":{"line":64,"column":17},"end":{"line":68,"column":3}},"45":{"start":{"line":69,"column":2},"end":{"line":69,"column":56}},"46":{"start":{"line":70,"column":2},"end":{"line":70,"column":16}},"47":{"start":{"line":75,"column":14},"end":{"line":75,"column":15}},"48":{"start":{"line":77,"column":4},"end":{"line":77,"column":42}},"49":{"start":{"line":77,"column":35},"end":{"line":77,"column":42}},"50":{"start":{"line":78,"column":20},"end":{"line":78,"column":64}},"51":{"start":{"line":79,"column":4},"end":{"line":82,"column":5}},"52":{"start":{"line":80,"column":16},"end":{"line":80,"column":36}},"53":{"start":{"line":81,"column":6},"end":{"line":81,"column":55}},"54":{"start":{"line":81,"column":27},"end":{"line":81,"column":41}},"55":{"start":{"line":81,"column":47},"end":{"line":81,"column":55}},"56":{"start":{"line":84,"column":2},"end":{"line":84,"column":18}},"57":{"start":{"line":85,"column":2},"end":{"line":85,"column":15}},"58":{"start":{"line":92,"column":19},"end":{"line":92,"column":49}},"59":{"start":{"line":93,"column":20},"end":{"line":93,"column":51}},"60":{"start":{"line":94,"column":20},"end":{"line":94,"column":51}},"61":{"start":{"line":95,"column":16},"end":{"line":95,"column":41}},"62":{"start":{"line":97,"column":16},"end":{"line":97,"column":50}},"63":{"start":{"line":98,"column":21},"end":{"line":98,"column":56}},"64":{"start":{"line":99,"column":17},"end":{"line":99,"column":52}},"65":{"start":{"line":101,"column":19},"end":{"line":101,"column":77}},"66":{"start":{"line":103,"column":2},"end":{"line":119,"column":4}},"67":{"start":{"line":116,"column":35},"end":{"line":116,"column":41}},"68":{"start":{"line":117,"column":56},"end":{"line":117,"column":76}},"69":{"start":{"line":117,"column":87},"end":{"line":117,"column":93}},"70":{"start":{"line":123,"column":14},"end":{"line":123,"column":16}},"71":{"start":{"line":125,"column":4},"end":{"line":125,"column":42}},"72":{"start":{"line":125,"column":35},"end":{"line":125,"column":42}},"73":{"start":{"line":126,"column":20},"end":{"line":126,"column":64}},"74":{"start":{"line":127,"column":4},"end":{"line":131,"column":5}},"75":{"start":{"line":128,"column":16},"end":{"line":128,"column":36}},"76":{"start":{"line":129,"column":6},"end":{"line":130,"column":52}},"77":{"start":{"line":129,"column":27},"end":{"line":129,"column":41}},"78":{"start":{"line":130,"column":11},"end":{"line":130,"column":52}},"79":{"start":{"line":130,"column":40},"end":{"line":130,"column":52}},"80":{"start":{"line":133,"column":2},"end":{"line":133,"column":22}},"81":{"start":{"line":134,"column":2},"end":{"line":134,"column":13}},"82":{"start":{"line":137,"column":45},"end":{"line":137,"column":71}},"83":{"start":{"line":140,"column":12},"end":{"line":140,"column":36}},"84":{"start":{"line":141,"column":2},"end":{"line":143,"column":3}},"85":{"start":{"line":142,"column":4},"end":{"line":142,"column":69}},"86":{"start":{"line":142,"column":10},"end":{"line":142,"column":41}},"87":{"start":{"line":142,"column":58},"end":{"line":142,"column":67}},"88":{"start":{"line":144,"column":2},"end":{"line":144,"column":25}}},"fnMap":{"0":{"name":"validateTheme","decl":{"start":{"line":5,"column":22},"end":{"line":5,"column":35}},"loc":{"start":{"line":5,"column":48},"end":{"line":71,"column":1}},"line":5},"1":{"name":"(anonymous_1)","decl":{"start":{"line":11,"column":17},"end":{"line":11,"column":18}},"loc":{"start":{"line":11,"column":31},"end":{"line":11,"column":53}},"line":11},"2":{"name":"countFiles","decl":{"start":{"line":74,"column":15},"end":{"line":74,"column":25}},"loc":{"start":{"line":74,"column":31},"end":{"line":86,"column":1}},"line":74},"3":{"name":"walk","decl":{"start":{"line":76,"column":17},"end":{"line":76,"column":21}},"loc":{"start":{"line":76,"column":25},"end":{"line":83,"column":3}},"line":76},"4":{"name":"generateBuildManifest","decl":{"start":{"line":91,"column":22},"end":{"line":91,"column":43}},"loc":{"start":{"line":91,"column":115},"end":{"line":120,"column":1}},"line":91},"5":{"name":"(anonymous_5)","decl":{"start":{"line":116,"column":30},"end":{"line":116,"column":31}},"loc":{"start":{"line":116,"column":35},"end":{"line":116,"column":41}},"line":116},"6":{"name":"(anonymous_6)","decl":{"start":{"line":117,"column":51},"end":{"line":117,"column":52}},"loc":{"start":{"line":117,"column":56},"end":{"line":117,"column":76}},"line":117},"7":{"name":"(anonymous_7)","decl":{"start":{"line":117,"column":82},"end":{"line":117,"column":83}},"loc":{"start":{"line":117,"column":87},"end":{"line":117,"column":93}},"line":117},"8":{"name":"listFiles","decl":{"start":{"line":122,"column":15},"end":{"line":122,"column":24}},"loc":{"start":{"line":122,"column":39},"end":{"line":135,"column":1}},"line":122},"9":{"name":"walk","decl":{"start":{"line":124,"column":17},"end":{"line":124,"column":21}},"loc":{"start":{"line":124,"column":25},"end":{"line":132,"column":3}},"line":124},"10":{"name":"listFilesRecursive","decl":{"start":{"line":137,"column":15},"end":{"line":137,"column":33}},"loc":{"start":{"line":137,"column":43},"end":{"line":137,"column":73}},"line":137},"11":{"name":"hashOfContents","decl":{"start":{"line":139,"column":15},"end":{"line":139,"column":29}},"loc":{"start":{"line":139,"column":37},"end":{"line":145,"column":1}},"line":139}},"branchMap":{"0":{"loc":{"start":{"line":13,"column":2},"end":{"line":13,"column":105}},"type":"if","locations":[{"start":{"line":13,"column":2},"end":{"line":13,"column":105}},{"start":{"line":13,"column":2},"end":{"line":13,"column":105}}],"line":13},"1":{"loc":{"start":{"line":14,"column":2},"end":{"line":14,"column":103}},"type":"if","locations":[{"start":{"line":14,"column":2},"end":{"line":14,"column":103}},{"start":{"line":14,"column":2},"end":{"line":14,"column":103}}],"line":14},"2":{"loc":{"start":{"line":17,"column":2},"end":{"line":34,"column":3}},"type":"if","locations":[{"start":{"line":17,"column":2},"end":{"line":34,"column":3}},{"start":{"line":17,"column":2},"end":{"line":34,"column":3}}],"line":17},"3":{"loc":{"start":{"line":20,"column":4},"end":{"line":20,"column":78}},"type":"if","locations":[{"start":{"line":20,"column":4},"end":{"line":20,"column":78}},{"start":{"line":20,"column":4},"end":{"line":20,"column":78}}],"line":20},"4":{"loc":{"start":{"line":26,"column":8},"end":{"line":28,"column":9}},"type":"if","locations":[{"start":{"line":26,"column":8},"end":{"line":28,"column":9}},{"start":{"line":26,"column":8},"end":{"line":28,"column":9}}],"line":26},"5":{"loc":{"start":{"line":29,"column":8},"end":{"line":31,"column":9}},"type":"if","locations":[{"start":{"line":29,"column":8},"end":{"line":31,"column":9}},{"start":{"line":29,"column":8},"end":{"line":31,"column":9}}],"line":29},"6":{"loc":{"start":{"line":29,"column":12},"end":{"line":29,"column":85}},"type":"binary-expr","locations":[{"start":{"line":29,"column":12},"end":{"line":29,"column":50}},{"start":{"line":29,"column":54},"end":{"line":29,"column":85}}],"line":29},"7":{"loc":{"start":{"line":39,"column":4},"end":{"line":48,"column":5}},"type":"if","locations":[{"start":{"line":39,"column":4},"end":{"line":48,"column":5}},{"start":{"line":39,"column":4},"end":{"line":48,"column":5}}],"line":39},"8":{"loc":{"start":{"line":41,"column":23},"end":{"line":41,"column":44}},"type":"binary-expr","locations":[{"start":{"line":41,"column":23},"end":{"line":41,"column":38}},{"start":{"line":41,"column":42},"end":{"line":41,"column":44}}],"line":41},"9":{"loc":{"start":{"line":44,"column":8},"end":{"line":46,"column":9}},"type":"if","locations":[{"start":{"line":44,"column":8},"end":{"line":46,"column":9}},{"start":{"line":44,"column":8},"end":{"line":46,"column":9}}],"line":44},"10":{"loc":{"start":{"line":53,"column":2},"end":{"line":62,"column":3}},"type":"if","locations":[{"start":{"line":53,"column":2},"end":{"line":62,"column":3}},{"start":{"line":53,"column":2},"end":{"line":62,"column":3}}],"line":53},"11":{"loc":{"start":{"line":58,"column":6},"end":{"line":60,"column":7}},"type":"if","locations":[{"start":{"line":58,"column":6},"end":{"line":60,"column":7}},{"start":{"line":58,"column":6},"end":{"line":60,"column":7}}],"line":58},"12":{"loc":{"start":{"line":58,"column":10},"end":{"line":58,"column":75}},"type":"binary-expr","locations":[{"start":{"line":58,"column":10},"end":{"line":58,"column":39}},{"start":{"line":58,"column":43},"end":{"line":58,"column":75}}],"line":58},"13":{"loc":{"start":{"line":65,"column":12},"end":{"line":65,"column":41}},"type":"cond-expr","locations":[{"start":{"line":65,"column":28},"end":{"line":65,"column":34}},{"start":{"line":65,"column":37},"end":{"line":65,"column":41}}],"line":65},"14":{"loc":{"start":{"line":77,"column":4},"end":{"line":77,"column":42}},"type":"if","locations":[{"start":{"line":77,"column":4},"end":{"line":77,"column":42}},{"start":{"line":77,"column":4},"end":{"line":77,"column":42}}],"line":77},"15":{"loc":{"start":{"line":81,"column":6},"end":{"line":81,"column":55}},"type":"if","locations":[{"start":{"line":81,"column":6},"end":{"line":81,"column":55}},{"start":{"line":81,"column":6},"end":{"line":81,"column":55}}],"line":81},"16":{"loc":{"start":{"line":91,"column":56},"end":{"line":91,"column":113}},"type":"default-arg","locations":[{"start":{"line":91,"column":111},"end":{"line":91,"column":113}}],"line":91},"17":{"loc":{"start":{"line":115,"column":14},"end":{"line":115,"column":45}},"type":"binary-expr","locations":[{"start":{"line":115,"column":14},"end":{"line":115,"column":40}},{"start":{"line":115,"column":44},"end":{"line":115,"column":45}}],"line":115},"18":{"loc":{"start":{"line":116,"column":15},"end":{"line":116,"column":48}},"type":"binary-expr","locations":[{"start":{"line":116,"column":15},"end":{"line":116,"column":42}},{"start":{"line":116,"column":46},"end":{"line":116,"column":48}}],"line":116},"19":{"loc":{"start":{"line":117,"column":18},"end":{"line":117,"column":42}},"type":"binary-expr","locations":[{"start":{"line":117,"column":18},"end":{"line":117,"column":36}},{"start":{"line":117,"column":40},"end":{"line":117,"column":42}}],"line":117},"20":{"loc":{"start":{"line":125,"column":4},"end":{"line":125,"column":42}},"type":"if","locations":[{"start":{"line":125,"column":4},"end":{"line":125,"column":42}},{"start":{"line":125,"column":4},"end":{"line":125,"column":42}}],"line":125},"21":{"loc":{"start":{"line":129,"column":6},"end":{"line":130,"column":52}},"type":"if","locations":[{"start":{"line":129,"column":6},"end":{"line":130,"column":52}},{"start":{"line":129,"column":6},"end":{"line":130,"column":52}}],"line":129},"22":{"loc":{"start":{"line":130,"column":11},"end":{"line":130,"column":52}},"type":"if","locations":[{"start":{"line":130,"column":11},"end":{"line":130,"column":52}},{"start":{"line":130,"column":11},"end":{"line":130,"column":52}}],"line":130},"23":{"loc":{"start":{"line":130,"column":15},"end":{"line":130,"column":38}},"type":"binary-expr","locations":[{"start":{"line":130,"column":15},"end":{"line":130,"column":19}},{"start":{"line":130,"column":23},"end":{"line":130,"column":38}}],"line":130}},"s":{"0":0,"1":0,"2":0,"3":0,"4":0,"5":0,"6":0,"7":0,"8":0,"9":0,"10":0,"11":0,"12":0,"13":0,"14":0,"15":0,"16":0,"17":0,"18":0,"19":0,"20":0,"21":0,"22":0,"23":0,"24":0,"25":0,"26":0,"27":0,"28":0,"29":0,"30":0,"31":0,"32":0,"33":0,"34":0,"35":0,"36":0,"37":0,"38":0,"39":0,"40":0,"41":0,"42":0,"43":0,"44":0,"45":0,"46":0,"47":0,"48":0,"49":0,"50":0,"51":0,"52":0,"53":0,"54":0,"55":0,"56":0,"57":0,"58":0,"59":0,"60":0,"61":0,"62":0,"63":0,"64":0,"65":0,"66":0,"67":0,"68":0,"69":0,"70":0,"71":0,"72":0,"73":0,"74":0,"75":0,"76":0,"77":0,"78":0,"79":0,"80":0,"81":0,"82":0,"83":0,"84":0,"85":0,"86":0,"87":0,"88":0},"f":{"0":0,"1":0,"2":0,"3":0,"4":0,"5":0,"6":0,"7":0,"8":0,"9":0,"10":0,"11":0},"b":{"0":[0,0],"1":[0,0],"2":[0,0],"3":[0,0],"4":[0,0],"5":[0,0],"6":[0,0],"7":[0,0],"8":[0,0],"9":[0,0],"10":[0,0],"11":[0,0],"12":[0,0],"13":[0,0],"14":[0,0],"15":[0,0],"16":[0],"17":[0,0],"18":[0,0],"19":[0,0],"20":[0,0],"21":[0,0],"22":[0,0],"23":[0,0]},"all":true}}